<?xml version="1.0" encoding="UTF-8"?>
<coverage generated="1789502392473" clover="3.2.0">
  <project timestamp="1789502392473" name="All files">
    <metrics statements="194" coveredstatements="145" conditionals="99" coveredconditionals="63" methods="90" coveredmethods="60" elements="383" coveredelements="268" complexity="0" loc="194" ncloc="194" packages="14" files="32" classes="32"/>
    <package name="admin.layouts">
      <metrics statements="2" coveredstatements="1" conditionals="0" coveredconditionals="0" methods="1" coveredmethods="0"/>
      <file name="AdminLayout.tsx" path="C:\Users\PanNeton\Desktop\REACT\react-ts-heroes-app-fin-seccion-13\src\admin\layouts\AdminLayout.tsx">
        <metrics statements="2" coveredstatements="1" conditionals="0" coveredconditionals="0" methods="1" coveredmethods="0"/>
        <line num="3" count="1" type="stmt"/>
        <line num="4" count="0" type="stmt"/>
      </file>
    </package>
    <package name="admin.pages">
      <metrics statements="2" coveredstatements="1" conditionals="0" coveredconditionals="0" methods="1" coveredmethods="0"/>
      <file name="AdminPage.tsx" path="C:\Users\PanNeton\Desktop\REACT\react-ts-heroes-app-fin-seccion-13\src\admin\pages\AdminPage.tsx">
        <metrics statements="2" coveredstatements="1" conditionals="0" coveredconditionals="0" methods="1" coveredmethods="0"/>
        <line num="1" count="1" type="stmt"/>
        <line num="2" count="0" type="stmt"/>
      </file>
    </package>
    <package name="components.custom">
      <metrics statements="18" coveredstatements="15" conditionals="13" coveredconditionals="11" methods="9" coveredmethods="6"/>
      <file name="CustomBreadcrumbs.tsx" path="C:\Users\PanNeton\Desktop\REACT\react-ts-heroes-app-fin-seccion-13\src\components\custom\CustomBreadcrumbs.tsx">
        <metrics statements="3" coveredstatements="2" conditionals="1" coveredconditionals="1" methods="2" coveredmethods="1"/>
        <line num="21" count="2" type="cond" truecount="1" falsecount="0"/>
        <line num="22" count="12" type="stmt"/>
        <line num="31" count="0" type="stmt"/>
      </file>
      <file name="CustomJumbotron.tsx" path="C:\Users\PanNeton\Desktop\REACT\react-ts-heroes-app-fin-seccion-13\src\components\custom\CustomJumbotron.tsx">
        <metrics statements="2" coveredstatements="2" conditionals="2" coveredconditionals="2" methods="1" coveredmethods="1"/>
        <line num="6" count="1" type="stmt"/>
        <line num="7" count="5" type="stmt"/>
      </file>
      <file name="CustomPagination.tsx" path="C:\Users\PanNeton\Desktop\REACT\react-ts-heroes-app-fin-seccion-13\src\components\custom\CustomPagination.tsx">
        <metrics statements="13" coveredstatements="11" conditionals="10" coveredconditionals="8" methods="6" coveredmethods="4"/>
        <line num="10" count="2" type="stmt"/>
        <line num="12" count="11" type="stmt"/>
        <line num="14" count="11" type="cond" truecount="2" falsecount="0"/>
        <line num="15" count="11" type="cond" truecount="1" falsecount="1"/>
        <line num="17" count="11" type="stmt"/>
        <line num="19" count="1" type="cond" truecount="3" falsecount="1"/>
        <line num="20" count="1" type="stmt"/>
        <line num="21" count="1" type="stmt"/>
        <line num="25" count="11" type="stmt"/>
        <line num="30" count="0" type="stmt"/>
        <line num="36" count="35" type="stmt"/>
        <line num="41" count="1" type="stmt"/>
        <line num="58" count="0" type="stmt"/>
      </file>
    </package>
    <package name="components.ui">
      <metrics statements="37" coveredstatements="30" conditionals="19" coveredconditionals="11" methods="29" coveredmethods="22"/>
      <file name="accordion.tsx" path="C:\Users\PanNeton\Desktop\REACT\react-ts-heroes-app-fin-seccion-13\src\components\ui\accordion.tsx">
        <metrics statements="4" coveredstatements="3" conditionals="0" coveredconditionals="0" methods="4" coveredmethods="3"/>
        <line num="9" count="8" type="stmt"/>
        <line num="16" count="8" type="stmt"/>
        <line num="30" count="0" type="stmt"/>
        <line num="52" count="8" type="stmt"/>
      </file>
      <file name="badge.tsx" path="C:\Users\PanNeton\Desktop\REACT\react-ts-heroes-app-fin-seccion-13\src\components\ui\badge.tsx">
        <metrics statements="3" coveredstatements="3" conditionals="3" coveredconditionals="2" methods="1" coveredmethods="1"/>
        <line num="7" count="3" type="stmt"/>
        <line num="35" count="4" type="cond" truecount="1" falsecount="1"/>
        <line num="37" count="4" type="stmt"/>
      </file>
      <file name="breadcrumb.tsx" path="C:\Users\PanNeton\Desktop\REACT\react-ts-heroes-app-fin-seccion-13\src\components\ui\breadcrumb.tsx">
        <metrics statements="8" coveredstatements="6" conditionals="4" coveredconditionals="3" methods="7" coveredmethods="5"/>
        <line num="8" count="12" type="stmt"/>
        <line num="12" count="12" type="stmt"/>
        <line num="25" count="24" type="stmt"/>
        <line num="41" count="24" type="cond" truecount="2" falsecount="0"/>
        <line num="43" count="24" type="stmt"/>
        <line num="53" count="0" type="stmt"/>
        <line num="70" count="12" type="stmt"/>
        <line num="87" count="0" type="stmt"/>
      </file>
      <file name="button.tsx" path="C:\Users\PanNeton\Desktop\REACT\react-ts-heroes-app-fin-seccion-13\src\components\ui\button.tsx">
        <metrics statements="3" coveredstatements="3" conditionals="3" coveredconditionals="2" methods="1" coveredmethods="1"/>
        <line num="7" count="2" type="stmt"/>
        <line num="48" count="50" type="cond" truecount="1" falsecount="1"/>
        <line num="50" count="50" type="stmt"/>
      </file>
      <file name="card.tsx" path="C:\Users\PanNeton\Desktop\REACT\react-ts-heroes-app-fin-seccion-13\src\components\ui\card.tsx">
        <metrics statements="7" coveredstatements="4" conditionals="0" coveredconditionals="0" methods="7" coveredmethods="4"/>
        <line num="6" count="8" type="stmt"/>
        <line num="19" count="8" type="stmt"/>
        <line num="32" count="8" type="stmt"/>
        <line num="42" count="0" type="stmt"/>
        <line num="52" count="0" type="stmt"/>
        <line num="65" count="8" type="stmt"/>
        <line num="75" count="0" type="stmt"/>
      </file>
      <file name="input.tsx" path="C:\Users\PanNeton\Desktop\REACT\react-ts-heroes-app-fin-seccion-13\src\components\ui\input.tsx">
        <metrics statements="1" coveredstatements="1" conditionals="0" coveredconditionals="0" methods="1" coveredmethods="1"/>
        <line num="6" count="8" type="stmt"/>
      </file>
      <file name="progress.tsx" path="C:\Users\PanNeton\Desktop\REACT\react-ts-heroes-app-fin-seccion-13\src\components\ui\progress.tsx">
        <metrics statements="1" coveredstatements="0" conditionals="3" coveredconditionals="0" methods="1" coveredmethods="0"/>
        <line num="14" count="0" type="stmt"/>
      </file>
      <file name="slider.tsx" path="C:\Users\PanNeton\Desktop\REACT\react-ts-heroes-app-fin-seccion-13\src\components\ui\slider.tsx">
        <metrics statements="5" coveredstatements="5" conditionals="6" coveredconditionals="4" methods="3" coveredmethods="3"/>
        <line num="1" count="1" type="stmt"/>
        <line num="15" count="3" type="stmt"/>
        <line num="17" count="3" type="cond" truecount="1" falsecount="1"/>
        <line num="25" count="3" type="stmt"/>
        <line num="51" count="3" type="stmt"/>
      </file>
      <file name="tabs.tsx" path="C:\Users\PanNeton\Desktop\REACT\react-ts-heroes-app-fin-seccion-13\src\components\ui\tabs.tsx">
        <metrics statements="5" coveredstatements="5" conditionals="0" coveredconditionals="0" methods="4" coveredmethods="4"/>
        <line num="1" count="1" type="stmt"/>
        <line num="12" count="5" type="stmt"/>
        <line num="25" count="5" type="stmt"/>
        <line num="41" count="20" type="stmt"/>
        <line num="57" count="20" type="stmt"/>
      </file>
    </package>
    <package name="heroes.actions">
      <metrics statements="23" coveredstatements="17" conditionals="14" coveredconditionals="5" methods="6" coveredmethods="4"/>
      <file name="get-hero.action.ts" path="C:\Users\PanNeton\Desktop\REACT\react-ts-heroes-app-fin-seccion-13\src\heroes\actions\get-hero.action.ts">
        <metrics statements="4" coveredstatements="4" conditionals="0" coveredconditionals="0" methods="1" coveredmethods="1"/>
        <line num="4" count="1" type="stmt"/>
        <line num="6" count="1" type="stmt"/>
        <line num="9" count="2" type="stmt"/>
        <line num="11" count="1" type="stmt"/>
      </file>
      <file name="get-heroes-by-pages.action.ts" path="C:\Users\PanNeton\Desktop\REACT\react-ts-heroes-app-fin-seccion-13\src\heroes\actions\get-heroes-by-pages.action.ts">
        <metrics statements="9" coveredstatements="8" conditionals="6" coveredconditionals="5" methods="2" coveredmethods="2"/>
        <line num="4" count="1" type="stmt"/>
        <line num="6" count="1" type="stmt"/>
        <line num="12" count="4" type="cond" truecount="2" falsecount="0"/>
        <line num="13" count="1" type="stmt"/>
        <line num="16" count="4" type="cond" truecount="1" falsecount="1"/>
        <line num="17" count="0" type="stmt"/>
        <line num="20" count="4" type="stmt"/>
        <line num="28" count="4" type="stmt"/>
        <line num="33" count="4" type="stmt"/>
      </file>
      <file name="get-summary.action.ts" path="C:\Users\PanNeton\Desktop\REACT\react-ts-heroes-app-fin-seccion-13\src\heroes\actions\get-summary.action.ts">
        <metrics statements="3" coveredstatements="3" conditionals="0" coveredconditionals="0" methods="1" coveredmethods="1"/>
        <line num="4" count="4" type="stmt"/>
        <line num="6" count="3" type="stmt"/>
        <line num="8" count="3" type="stmt"/>
      </file>
      <file name="search-heroes.action.ts" path="C:\Users\PanNeton\Desktop\REACT\react-ts-heroes-app-fin-seccion-13\src\heroes\actions\search-heroes.action.ts">
        <metrics statements="7" coveredstatements="2" conditionals="8" coveredconditionals="0" methods="2" coveredmethods="0"/>
        <line num="13" count="1" type="stmt"/>
        <line num="15" count="1" type="stmt"/>
        <line num="17" count="0" type="cond" truecount="0" falsecount="8"/>
        <line num="19" count="0" type="stmt"/>
        <line num="30" count="0" type="stmt"/>
        <line num="32" count="0" type="stmt"/>
        <line num="38" count="0" type="stmt"/>
      </file>
    </package>
    <package name="heroes.api">
      <metrics statements="2" coveredstatements="2" conditionals="0" coveredconditionals="0" methods="0" coveredmethods="0"/>
      <file name="heroesApi.ts" path="C:\Users\PanNeton\Desktop\REACT\react-ts-heroes-app-fin-seccion-13\src\heroes\api\heroesApi.ts">
        <metrics statements="2" coveredstatements="2" conditionals="0" coveredconditionals="0" methods="0" coveredmethods="0"/>
        <line num="3" count="7" type="stmt"/>
        <line num="5" count="7" type="stmt"/>
      </file>
    </package>
    <package name="heroes.components">
      <metrics statements="19" coveredstatements="10" conditionals="17" coveredconditionals="5" methods="9" coveredmethods="3"/>
      <file name="HeroGrid.tsx" path="C:\Users\PanNeton\Desktop\REACT\react-ts-heroes-app-fin-seccion-13\src\heroes\components\HeroGrid.tsx">
        <metrics statements="3" coveredstatements="2" conditionals="3" coveredconditionals="2" methods="2" coveredmethods="1"/>
        <line num="8" count="1" type="cond" truecount="1" falsecount="0"/>
        <line num="9" count="6" type="stmt"/>
        <line num="12" count="0" type="cond" truecount="1" falsecount="1"/>
      </file>
      <file name="HeroGridCard.tsx" path="C:\Users\PanNeton\Desktop\REACT\react-ts-heroes-app-fin-seccion-13\src\heroes\components\HeroGridCard.tsx">
        <metrics statements="9" coveredstatements="1" conditionals="10" coveredconditionals="0" methods="5" coveredmethods="0"/>
        <line num="17" count="1" type="stmt"/>
        <line num="18" count="0" type="stmt"/>
        <line num="20" count="0" type="stmt"/>
        <line num="22" count="0" type="stmt"/>
        <line num="23" count="0" type="stmt"/>
        <line num="26" count="0" type="stmt"/>
        <line num="33" count="0" type="stmt"/>
        <line num="57" count="0" type="stmt"/>
        <line num="128" count="0" type="stmt"/>
      </file>
      <file name="HeroStatCard.tsx" path="C:\Users\PanNeton\Desktop\REACT\react-ts-heroes-app-fin-seccion-13\src\heroes\components\HeroStatCard.tsx">
        <metrics statements="2" coveredstatements="2" conditionals="0" coveredconditionals="0" methods="1" coveredmethods="1"/>
        <line num="9" count="3" type="stmt"/>
        <line num="10" count="8" type="stmt"/>
      </file>
      <file name="HeroStats.tsx" path="C:\Users\PanNeton\Desktop\REACT\react-ts-heroes-app-fin-seccion-13\src\heroes\components\HeroStats.tsx">
        <metrics statements="5" coveredstatements="5" conditionals="4" coveredconditionals="3" methods="1" coveredmethods="1"/>
        <line num="9" count="3" type="stmt"/>
        <line num="10" count="15" type="stmt"/>
        <line num="12" count="15" type="stmt"/>
        <line num="14" count="15" type="cond" truecount="2" falsecount="0"/>
        <line num="18" count="2" type="stmt"/>
      </file>
    </package>
    <package name="heroes.context">
      <metrics statements="18" coveredstatements="18" conditionals="4" coveredconditionals="4" methods="8" coveredmethods="8"/>
      <file name="FavoriteHeroesContext.tsx" path="C:\Users\PanNeton\Desktop\REACT\react-ts-heroes-app-fin-seccion-13\src\heroes\context\FavoriteHeroesContext.tsx">
        <metrics statements="18" coveredstatements="18" conditionals="4" coveredconditionals="4" methods="8" coveredmethods="8"/>
        <line num="13" count="5" type="stmt"/>
        <line num="14" count="17" type="stmt"/>
        <line num="15" count="17" type="cond" truecount="2" falsecount="0"/>
        <line num="19" count="5" type="stmt"/>
        <line num="21" count="5" type="stmt"/>
        <line num="22" count="17" type="stmt"/>
        <line num="24" count="17" type="stmt"/>
        <line num="25" count="4" type="stmt"/>
        <line num="26" count="4" type="cond" truecount="2" falsecount="0"/>
        <line num="27" count="2" type="stmt"/>
        <line num="28" count="2" type="stmt"/>
        <line num="29" count="2" type="stmt"/>
        <line num="32" count="2" type="stmt"/>
        <line num="35" count="17" type="stmt"/>
        <line num="36" count="10" type="stmt"/>
        <line num="39" count="17" type="stmt"/>
        <line num="40" count="17" type="stmt"/>
        <line num="44" count="17" type="stmt"/>
      </file>
    </package>
    <package name="heroes.hooks">
      <metrics statements="15" coveredstatements="15" conditionals="10" coveredconditionals="9" methods="5" coveredmethods="5"/>
      <file name="useHome.tsx" path="C:\Users\PanNeton\Desktop\REACT\react-ts-heroes-app-fin-seccion-13\src\heroes\hooks\useHome.tsx">
        <metrics statements="10" coveredstatements="10" conditionals="10" coveredconditionals="9" methods="2" coveredmethods="2"/>
        <line num="4" count="1" type="stmt"/>
        <line num="5" count="5" type="stmt"/>
        <line num="8" count="5" type="cond" truecount="2" falsecount="0"/>
        <line num="9" count="5" type="cond" truecount="2" falsecount="0"/>
        <line num="10" count="5" type="cond" truecount="2" falsecount="0"/>
        <line num="11" count="5" type="cond" truecount="2" falsecount="0"/>
        <line num="13" count="5" type="stmt"/>
        <line num="14" count="5" type="stmt"/>
        <line num="16" count="5" type="cond" truecount="1" falsecount="1"/>
        <line num="19" count="5" type="stmt"/>
      </file>
      <file name="usePaginatedHeroes.tsx" path="C:\Users\PanNeton\Desktop\REACT\react-ts-heroes-app-fin-seccion-13\src\heroes\hooks\usePaginatedHeroes.tsx">
        <metrics statements="3" coveredstatements="3" conditionals="0" coveredconditionals="0" methods="2" coveredmethods="2"/>
        <line num="10" count="1" type="stmt"/>
        <line num="11" count="5" type="stmt"/>
        <line num="13" count="3" type="stmt"/>
      </file>
      <file name="useSummaryInfo.tsx" path="C:\Users\PanNeton\Desktop\REACT\react-ts-heroes-app-fin-seccion-13\src\heroes\hooks\useSummaryInfo.tsx">
        <metrics statements="2" coveredstatements="2" conditionals="0" coveredconditionals="0" methods="1" coveredmethods="1"/>
        <line num="4" count="4" type="stmt"/>
        <line num="5" count="22" type="stmt"/>
      </file>
    </package>
    <package name="heroes.pages.home">
      <metrics statements="24" coveredstatements="11" conditionals="4" coveredconditionals="4" methods="9" coveredmethods="3"/>
      <file name="HomePage.tsx" path="C:\Users\PanNeton\Desktop\REACT\react-ts-heroes-app-fin-seccion-13\src\heroes\pages\home\HomePage.tsx">
        <metrics statements="24" coveredstatements="11" conditionals="4" coveredconditionals="4" methods="9" coveredmethods="3"/>
        <line num="14" count="1" type="stmt"/>
        <line num="15" count="5" type="stmt"/>
        <line num="17" count="5" type="stmt"/>
        <line num="19" count="5" type="stmt"/>
        <line num="21" count="5" type="stmt"/>
        <line num="24" count="5" type="stmt"/>
        <line num="43" count="0" type="stmt"/>
        <line num="44" count="0" type="stmt"/>
        <line num="45" count="0" type="stmt"/>
        <line num="46" count="0" type="stmt"/>
        <line num="47" count="0" type="stmt"/>
        <line num="54" count="0" type="stmt"/>
        <line num="55" count="0" type="stmt"/>
        <line num="56" count="0" type="stmt"/>
        <line num="63" count="0" type="stmt"/>
        <line num="64" count="0" type="stmt"/>
        <line num="65" count="0" type="stmt"/>
        <line num="66" count="0" type="stmt"/>
        <line num="67" count="0" type="stmt"/>
        <line num="74" count="1" type="stmt"/>
        <line num="75" count="1" type="stmt"/>
        <line num="76" count="1" type="stmt"/>
        <line num="77" count="1" type="stmt"/>
        <line num="78" count="1" type="stmt"/>
      </file>
    </package>
    <package name="heroes.pages.search">
      <metrics statements="7" coveredstatements="7" conditionals="4" coveredconditionals="4" methods="2" coveredmethods="2"/>
      <file name="SearchPage.tsx" path="C:\Users\PanNeton\Desktop\REACT\react-ts-heroes-app-fin-seccion-13\src\heroes\pages\search\SearchPage.tsx">
        <metrics statements="7" coveredstatements="7" conditionals="4" coveredconditionals="4" methods="2" coveredmethods="2"/>
        <line num="11" count="1" type="stmt"/>
        <line num="13" count="7" type="stmt"/>
        <line num="15" count="7" type="cond" truecount="2" falsecount="0"/>
        <line num="16" count="7" type="cond" truecount="2" falsecount="0"/>
        <line num="19" count="7" type="stmt"/>
        <line num="21" count="6" type="stmt"/>
        <line num="25" count="7" type="stmt"/>
      </file>
    </package>
    <package name="heroes.pages.search.ui">
      <metrics statements="24" coveredstatements="15" conditionals="14" coveredconditionals="10" methods="9" coveredmethods="5"/>
      <file name="SearchControls.tsx" path="C:\Users\PanNeton\Desktop\REACT\react-ts-heroes-app-fin-seccion-13\src\heroes\pages\search\ui\SearchControls.tsx">
        <metrics statements="24" coveredstatements="15" conditionals="14" coveredconditionals="10" methods="9" coveredmethods="5"/>
        <line num="15" count="1" type="stmt"/>
        <line num="16" count="8" type="stmt"/>
        <line num="17" count="8" type="stmt"/>
        <line num="19" count="8" type="cond" truecount="2" falsecount="0"/>
        <line num="20" count="8" type="cond" truecount="2" falsecount="0"/>
        <line num="22" count="8" type="stmt"/>
        <line num="23" count="1" type="cond" truecount="1" falsecount="1"/>
        <line num="25" count="1" type="stmt"/>
        <line num="26" count="1" type="cond" truecount="1" falsecount="1"/>
        <line num="27" count="1" type="stmt"/>
        <line num="31" count="8" type="stmt"/>
        <line num="32" count="0" type="cond" truecount="0" falsecount="2"/>
        <line num="33" count="0" type="stmt"/>
        <line num="34" count="0" type="stmt"/>
        <line num="35" count="0" type="stmt"/>
        <line num="37" count="0" type="stmt"/>
        <line num="40" count="0" type="stmt"/>
        <line num="41" count="0" type="stmt"/>
        <line num="42" count="0" type="stmt"/>
        <line num="47" count="8" type="stmt"/>
        <line num="65" count="0" type="stmt"/>
        <line num="127" count="1" type="stmt"/>
        <line num="128" count="1" type="stmt"/>
        <line num="129" count="1" type="stmt"/>
      </file>
    </package>
    <package name="lib">
      <metrics statements="1" coveredstatements="1" conditionals="0" coveredconditionals="0" methods="1" coveredmethods="1"/>
      <file name="utils.ts" path="C:\Users\PanNeton\Desktop\REACT\react-ts-heroes-app-fin-seccion-13\src\lib\utils.ts">
        <metrics statements="1" coveredstatements="1" conditionals="0" coveredconditionals="0" methods="1" coveredmethods="1"/>
        <line num="5" count="216" type="stmt"/>
      </file>
    </package>
    <package name="router">
      <metrics statements="2" coveredstatements="2" conditionals="0" coveredconditionals="0" methods="1" coveredmethods="1"/>
      <file name="app.router.tsx" path="C:\Users\PanNeton\Desktop\REACT\react-ts-heroes-app-fin-seccion-13\src\router\app.router.tsx">
        <metrics statements="2" coveredstatements="2" conditionals="0" coveredconditionals="0" methods="1" coveredmethods="1"/>
        <line num="12" count="1" type="stmt"/>
        <line num="14" count="1" type="stmt"/>
      </file>
    </package>
  </project>
</coverage>
