{"C:\\Users\\PanNeton\\Desktop\\REACT\\react-ts-heroes-app-fin-seccion-13\\src\\admin\\layouts\\AdminLayout.tsx": {"path":"C:\\Users\\PanNeton\\Desktop\\REACT\\react-ts-heroes-app-fin-seccion-13\\src\\admin\\layouts\\AdminLayout.tsx","statementMap":{"0":{"start":{"line":3,"column":27},"end":{"line":9,"column":null}},"1":{"start":{"line":4,"column":2},"end":{"line":6,"column":null}}},"fnMap":{"0":{"name":"(anonymous_0)","decl":{"start":{"line":3,"column":27},"end":{"line":3,"column":null}},"loc":{"start":{"line":3,"column":27},"end":{"line":9,"column":null}},"line":3}},"branchMap":{},"s":{"0":1,"1":0},"f":{"0":0},"b":{},"meta":{"lastBranch":0,"lastFunction":1,"lastStatement":2,"seen":{"s:3:27:9:Infinity":0,"f:3:27:3:Infinity":0,"s:4:2:6:Infinity":1},"fnNames":{}}}
,"C:\\Users\\PanNeton\\Desktop\\REACT\\react-ts-heroes-app-fin-seccion-13\\src\\admin\\pages\\AdminPage.tsx": {"path":"C:\\Users\\PanNeton\\Desktop\\REACT\\react-ts-heroes-app-fin-seccion-13\\src\\admin\\pages\\AdminPage.tsx","statementMap":{"0":{"start":{"line":1,"column":25},"end":{"line":3,"column":null}},"1":{"start":{"line":2,"column":2},"end":{"line":2,"column":null}}},"fnMap":{"0":{"name":"(anonymous_0)","decl":{"start":{"line":1,"column":25},"end":{"line":1,"column":null}},"loc":{"start":{"line":1,"column":25},"end":{"line":3,"column":null}},"line":1}},"branchMap":{},"s":{"0":1,"1":0},"f":{"0":0},"b":{},"meta":{"lastBranch":0,"lastFunction":1,"lastStatement":2,"seen":{"s:1:25:3:Infinity":0,"f:1:25:1:Infinity":0,"s:2:2:2:Infinity":1},"fnNames":{}}}
,"C:\\Users\\PanNeton\\Desktop\\REACT\\react-ts-heroes-app-fin-seccion-13\\src\\components\\custom\\CustomBreadcrumbs.tsx": {"path":"C:\\Users\\PanNeton\\Desktop\\REACT\\react-ts-heroes-app-fin-seccion-13\\src\\components\\custom\\CustomBreadcrumbs.tsx","statementMap":{"0":{"start":{"line":21,"column":33},"end":{"line":54,"column":null}},"1":{"start":{"line":22,"column":2},"end":{"line":49,"column":null}},"2":{"start":{"line":31,"column":26},"end":{"line":38,"column":null}}},"fnMap":{"0":{"name":"(anonymous_0)","decl":{"start":{"line":21,"column":33},"end":{"line":21,"column":34}},"loc":{"start":{"line":21,"column":74},"end":{"line":54,"column":null}},"line":21},"1":{"name":"(anonymous_1)","decl":{"start":{"line":31,"column":25},"end":{"line":31,"column":26}},"loc":{"start":{"line":31,"column":26},"end":{"line":38,"column":null}},"line":31}},"branchMap":{"0":{"loc":{"start":{"line":21,"column":49},"end":{"line":21,"column":65}},"type":"default-arg","locations":[{"start":{"line":21,"column":63},"end":{"line":21,"column":65}}],"line":21}},"s":{"0":2,"1":12,"2":0},"f":{"0":12,"1":0},"b":{"0":[12]},"meta":{"lastBranch":1,"lastFunction":2,"lastStatement":3,"seen":{"s:21:33:54:Infinity":0,"f:21:33:21:34":0,"b:21:63:21:65":0,"s:22:2:49:Infinity":1,"f:31:25:31:26":1,"s:31:26:38:Infinity":2},"fnNames":{}}}
,"C:\\Users\\PanNeton\\Desktop\\REACT\\react-ts-heroes-app-fin-seccion-13\\src\\components\\custom\\CustomJumbotron.tsx": {"path":"C:\\Users\\PanNeton\\Desktop\\REACT\\react-ts-heroes-app-fin-seccion-13\\src\\components\\custom\\CustomJumbotron.tsx","statementMap":{"0":{"start":{"line":6,"column":31},"end":{"line":15,"column":null}},"1":{"start":{"line":7,"column":2},"end":{"line":12,"column":null}}},"fnMap":{"0":{"name":"(anonymous_0)","decl":{"start":{"line":6,"column":31},"end":{"line":6,"column":32}},"loc":{"start":{"line":6,"column":61},"end":{"line":15,"column":null}},"line":6}},"branchMap":{"0":{"loc":{"start":{"line":12,"column":7},"end":{"line":12,"column":null}},"type":"binary-expr","locations":[{"start":{"line":12,"column":7},"end":{"line":12,"column":22}},{"start":{"line":12,"column":7},"end":{"line":12,"column":null}}],"line":12}},"s":{"0":1,"1":5},"f":{"0":5},"b":{"0":[5,5]},"meta":{"lastBranch":1,"lastFunction":1,"lastStatement":2,"seen":{"s:6:31:15:Infinity":0,"f:6:31:6:32":0,"s:7:2:12:Infinity":1,"b:12:7:12:22:12:7:12:Infinity":0},"fnNames":{}}}
,"C:\\Users\\PanNeton\\Desktop\\REACT\\react-ts-heroes-app-fin-seccion-13\\src\\components\\custom\\CustomPagination.tsx": {"path":"C:\\Users\\PanNeton\\Desktop\\REACT\\react-ts-heroes-app-fin-seccion-13\\src\\components\\custom\\CustomPagination.tsx","statementMap":{"0":{"start":{"line":10,"column":32},"end":{"line":65,"column":null}},"1":{"start":{"line":12,"column":39},"end":{"line":12,"column":null}},"2":{"start":{"line":14,"column":20},"end":{"line":14,"column":null}},"3":{"start":{"line":15,"column":15},"end":{"line":15,"column":null}},"4":{"start":{"line":17,"column":27},"end":{"line":22,"column":null}},"5":{"start":{"line":19,"column":4},"end":{"line":19,"column":null}},"6":{"start":{"line":19,"column":39},"end":{"line":19,"column":null}},"7":{"start":{"line":20,"column":4},"end":{"line":20,"column":null}},"8":{"start":{"line":21,"column":4},"end":{"line":21,"column":null}},"9":{"start":{"line":25,"column":2},"end":{"line":61,"column":null}},"10":{"start":{"line":30,"column":22},"end":{"line":30,"column":48}},"11":{"start":{"line":36,"column":50},"end":{"line":38,"column":null}},"12":{"start":{"line":41,"column":25},"end":{"line":41,"column":null}},"13":{"start":{"line":58,"column":24},"end":{"line":58,"column":50}}},"fnMap":{"0":{"name":"(anonymous_0)","decl":{"start":{"line":10,"column":32},"end":{"line":10,"column":33}},"loc":{"start":{"line":10,"column":54},"end":{"line":65,"column":null}},"line":10},"1":{"name":"(anonymous_1)","decl":{"start":{"line":17,"column":27},"end":{"line":17,"column":28}},"loc":{"start":{"line":17,"column":28},"end":{"line":22,"column":null}},"line":17},"2":{"name":"(anonymous_2)","decl":{"start":{"line":30,"column":17},"end":{"line":30,"column":22}},"loc":{"start":{"line":30,"column":17},"end":{"line":30,"column":null}},"line":30},"3":{"name":"(anonymous_3)","decl":{"start":{"line":36,"column":46},"end":{"line":36,"column":47}},"loc":{"start":{"line":36,"column":50},"end":{"line":38,"column":null}},"line":36},"4":{"name":"(anonymous_4)","decl":{"start":{"line":41,"column":19},"end":{"line":41,"column":25}},"loc":{"start":{"line":41,"column":25},"end":{"line":41,"column":null}},"line":41},"5":{"name":"(anonymous_5)","decl":{"start":{"line":58,"column":17},"end":{"line":58,"column":24}},"loc":{"start":{"line":58,"column":17},"end":{"line":58,"column":null}},"line":58}},"branchMap":{"0":{"loc":{"start":{"line":14,"column":20},"end":{"line":14,"column":null}},"type":"binary-expr","locations":[{"start":{"line":14,"column":20},"end":{"line":14,"column":48}},{"start":{"line":14,"column":48},"end":{"line":14,"column":null}}],"line":14},"1":{"loc":{"start":{"line":15,"column":15},"end":{"line":15,"column":null}},"type":"cond-expr","locations":[{"start":{"line":15,"column":35},"end":{"line":15,"column":39}},{"start":{"line":15,"column":39},"end":{"line":15,"column":null}}],"line":15},"2":{"loc":{"start":{"line":19,"column":4},"end":{"line":19,"column":null}},"type":"if","locations":[{"start":{"line":19,"column":4},"end":{"line":19,"column":null}},{"start":{},"end":{}}],"line":19},"3":{"loc":{"start":{"line":19,"column":8},"end":{"line":19,"column":39}},"type":"binary-expr","locations":[{"start":{"line":19,"column":8},"end":{"line":19,"column":20}},{"start":{"line":19,"column":20},"end":{"line":19,"column":39}}],"line":19},"4":{"loc":{"start":{"line":39,"column":19},"end":{"line":39,"column":null}},"type":"cond-expr","locations":[{"start":{"line":39,"column":40},"end":{"line":39,"column":52}},{"start":{"line":39,"column":52},"end":{"line":39,"column":null}}],"line":39}},"s":{"0":2,"1":11,"2":11,"3":11,"4":11,"5":1,"6":0,"7":1,"8":1,"9":11,"10":0,"11":35,"12":1,"13":0},"f":{"0":11,"1":1,"2":0,"3":35,"4":1,"5":0},"b":{"0":[11,4],"1":[0,11],"2":[0,1],"3":[1,1],"4":[9,26]},"meta":{"lastBranch":5,"lastFunction":6,"lastStatement":14,"seen":{"s:10:32:65:Infinity":0,"f:10:32:10:33":0,"s:12:39:12:Infinity":1,"s:14:20:14:Infinity":2,"b:14:20:14:48:14:48:14:Infinity":0,"s:15:15:15:Infinity":3,"b:15:35:15:39:15:39:15:Infinity":1,"s:17:27:22:Infinity":4,"f:17:27:17:28":1,"b:19:4:19:Infinity:undefined:undefined:undefined:undefined":2,"s:19:4:19:Infinity":5,"b:19:8:19:20:19:20:19:39":3,"s:19:39:19:Infinity":6,"s:20:4:20:Infinity":7,"s:21:4:21:Infinity":8,"s:25:2:61:Infinity":9,"f:30:17:30:22":2,"s:30:22:30:48":10,"f:36:46:36:47":3,"s:36:50:38:Infinity":11,"b:39:40:39:52:39:52:39:Infinity":4,"f:41:19:41:25":4,"s:41:25:41:Infinity":12,"f:58:17:58:24":5,"s:58:24:58:50":13},"fnNames":{}}}
,"C:\\Users\\PanNeton\\Desktop\\REACT\\react-ts-heroes-app-fin-seccion-13\\src\\components\\ui\\accordion.tsx": {"path":"C:\\Users\\PanNeton\\Desktop\\REACT\\react-ts-heroes-app-fin-seccion-13\\src\\components\\ui\\accordion.tsx","statementMap":{"0":{"start":{"line":9,"column":2},"end":{"line":9,"column":null}},"1":{"start":{"line":16,"column":2},"end":{"line":20,"column":null}},"2":{"start":{"line":30,"column":2},"end":{"line":41,"column":null}},"3":{"start":{"line":52,"column":2},"end":{"line":58,"column":null}}},"fnMap":{"0":{"name":"Accordion","decl":{"start":{"line":6,"column":9},"end":{"line":6,"column":19}},"loc":{"start":{"line":8,"column":55},"end":{"line":10,"column":null}},"line":8},"1":{"name":"AccordionItem","decl":{"start":{"line":12,"column":9},"end":{"line":12,"column":23}},"loc":{"start":{"line":15,"column":55},"end":{"line":23,"column":null}},"line":15},"2":{"name":"AccordionTrigger","decl":{"start":{"line":25,"column":9},"end":{"line":25,"column":26}},"loc":{"start":{"line":29,"column":58},"end":{"line":45,"column":null}},"line":29},"3":{"name":"AccordionContent","decl":{"start":{"line":47,"column":9},"end":{"line":47,"column":26}},"loc":{"start":{"line":51,"column":58},"end":{"line":61,"column":null}},"line":51}},"branchMap":{},"s":{"0":8,"1":8,"2":0,"3":8},"f":{"0":8,"1":8,"2":0,"3":8},"b":{},"meta":{"lastBranch":0,"lastFunction":4,"lastStatement":4,"seen":{"f:6:9:6:19":0,"s:9:2:9:Infinity":0,"f:12:9:12:23":1,"s:16:2:20:Infinity":1,"f:25:9:25:26":2,"s:30:2:41:Infinity":2,"f:47:9:47:26":3,"s:52:2:58:Infinity":3},"fnNames":{}}}
,"C:\\Users\\PanNeton\\Desktop\\REACT\\react-ts-heroes-app-fin-seccion-13\\src\\components\\ui\\badge.tsx": {"path":"C:\\Users\\PanNeton\\Desktop\\REACT\\react-ts-heroes-app-fin-seccion-13\\src\\components\\ui\\badge.tsx","statementMap":{"0":{"start":{"line":7,"column":6},"end":{"line":25,"column":null}},"1":{"start":{"line":35,"column":15},"end":{"line":35,"column":null}},"2":{"start":{"line":37,"column":2},"end":{"line":41,"column":null}}},"fnMap":{"0":{"name":"Badge","decl":{"start":{"line":28,"column":9},"end":{"line":28,"column":15}},"loc":{"start":{"line":34,"column":60},"end":{"line":44,"column":null}},"line":34}},"branchMap":{"0":{"loc":{"start":{"line":31,"column":2},"end":{"line":31,"column":17}},"type":"default-arg","locations":[{"start":{"line":31,"column":12},"end":{"line":31,"column":17}}],"line":31},"1":{"loc":{"start":{"line":35,"column":15},"end":{"line":35,"column":null}},"type":"cond-expr","locations":[{"start":{"line":35,"column":25},"end":{"line":35,"column":32}},{"start":{"line":35,"column":32},"end":{"line":35,"column":null}}],"line":35}},"s":{"0":3,"1":4,"2":4},"f":{"0":4},"b":{"0":[4],"1":[0,4]},"meta":{"lastBranch":2,"lastFunction":1,"lastStatement":3,"seen":{"s:7:6:25:Infinity":0,"f:28:9:28:15":0,"b:31:12:31:17":0,"s:35:15:35:Infinity":1,"b:35:25:35:32:35:32:35:Infinity":1,"s:37:2:41:Infinity":2},"fnNames":{}}}
,"C:\\Users\\PanNeton\\Desktop\\REACT\\react-ts-heroes-app-fin-seccion-13\\src\\components\\ui\\breadcrumb.tsx": {"path":"C:\\Users\\PanNeton\\Desktop\\REACT\\react-ts-heroes-app-fin-seccion-13\\src\\components\\ui\\breadcrumb.tsx","statementMap":{"0":{"start":{"line":8,"column":2},"end":{"line":8,"column":null}},"1":{"start":{"line":12,"column":2},"end":{"line":19,"column":null}},"2":{"start":{"line":25,"column":2},"end":{"line":29,"column":null}},"3":{"start":{"line":41,"column":15},"end":{"line":41,"column":null}},"4":{"start":{"line":43,"column":2},"end":{"line":47,"column":null}},"5":{"start":{"line":53,"column":2},"end":{"line":60,"column":null}},"6":{"start":{"line":70,"column":2},"end":{"line":78,"column":null}},"7":{"start":{"line":87,"column":2},"end":{"line":96,"column":null}}},"fnMap":{"0":{"name":"Breadcrumb","decl":{"start":{"line":7,"column":9},"end":{"line":7,"column":20}},"loc":{"start":{"line":7,"column":61},"end":{"line":9,"column":null}},"line":7},"1":{"name":"BreadcrumbList","decl":{"start":{"line":11,"column":9},"end":{"line":11,"column":24}},"loc":{"start":{"line":11,"column":75},"end":{"line":22,"column":null}},"line":11},"2":{"name":"BreadcrumbItem","decl":{"start":{"line":24,"column":9},"end":{"line":24,"column":24}},"loc":{"start":{"line":24,"column":75},"end":{"line":32,"column":null}},"line":24},"3":{"name":"BreadcrumbLink","decl":{"start":{"line":34,"column":9},"end":{"line":34,"column":24}},"loc":{"start":{"line":40,"column":1},"end":{"line":50,"column":null}},"line":40},"4":{"name":"BreadcrumbPage","decl":{"start":{"line":52,"column":9},"end":{"line":52,"column":24}},"loc":{"start":{"line":52,"column":77},"end":{"line":63,"column":null}},"line":52},"5":{"name":"BreadcrumbSeparator","decl":{"start":{"line":65,"column":9},"end":{"line":65,"column":29}},"loc":{"start":{"line":69,"column":29},"end":{"line":81,"column":null}},"line":69},"6":{"name":"BreadcrumbEllipsis","decl":{"start":{"line":83,"column":9},"end":{"line":83,"column":28}},"loc":{"start":{"line":86,"column":31},"end":{"line":99,"column":null}},"line":86}},"branchMap":{"0":{"loc":{"start":{"line":41,"column":15},"end":{"line":41,"column":null}},"type":"cond-expr","locations":[{"start":{"line":41,"column":25},"end":{"line":41,"column":32}},{"start":{"line":41,"column":32},"end":{"line":41,"column":null}}],"line":41},"1":{"loc":{"start":{"line":78,"column":7},"end":{"line":78,"column":null}},"type":"binary-expr","locations":[{"start":{"line":78,"column":7},"end":{"line":78,"column":19}},{"start":{"line":78,"column":7},"end":{"line":78,"column":null}}],"line":78}},"s":{"0":12,"1":12,"2":24,"3":24,"4":24,"5":0,"6":12,"7":0},"f":{"0":12,"1":12,"2":24,"3":24,"4":0,"5":12,"6":0},"b":{"0":[12,12],"1":[12,0]},"meta":{"lastBranch":2,"lastFunction":7,"lastStatement":8,"seen":{"f:7:9:7:20":0,"s:8:2:8:Infinity":0,"f:11:9:11:24":1,"s:12:2:19:Infinity":1,"f:24:9:24:24":2,"s:25:2:29:Infinity":2,"f:34:9:34:24":3,"s:41:15:41:Infinity":3,"b:41:25:41:32:41:32:41:Infinity":0,"s:43:2:47:Infinity":4,"f:52:9:52:24":4,"s:53:2:60:Infinity":5,"f:65:9:65:29":5,"s:70:2:78:Infinity":6,"b:78:7:78:19:78:7:78:Infinity":1,"f:83:9:83:28":6,"s:87:2:96:Infinity":7},"fnNames":{}}}
,"C:\\Users\\PanNeton\\Desktop\\REACT\\react-ts-heroes-app-fin-seccion-13\\src\\components\\ui\\button.tsx": {"path":"C:\\Users\\PanNeton\\Desktop\\REACT\\react-ts-heroes-app-fin-seccion-13\\src\\components\\ui\\button.tsx","statementMap":{"0":{"start":{"line":7,"column":6},"end":{"line":35,"column":null}},"1":{"start":{"line":48,"column":15},"end":{"line":48,"column":null}},"2":{"start":{"line":50,"column":2},"end":{"line":54,"column":null}}},"fnMap":{"0":{"name":"Button","decl":{"start":{"line":38,"column":9},"end":{"line":38,"column":16}},"loc":{"start":{"line":47,"column":3},"end":{"line":57,"column":null}},"line":47}},"branchMap":{"0":{"loc":{"start":{"line":42,"column":2},"end":{"line":42,"column":17}},"type":"default-arg","locations":[{"start":{"line":42,"column":12},"end":{"line":42,"column":17}}],"line":42},"1":{"loc":{"start":{"line":48,"column":15},"end":{"line":48,"column":null}},"type":"cond-expr","locations":[{"start":{"line":48,"column":25},"end":{"line":48,"column":32}},{"start":{"line":48,"column":32},"end":{"line":48,"column":null}}],"line":48}},"s":{"0":2,"1":50,"2":50},"f":{"0":50},"b":{"0":[50],"1":[0,50]},"meta":{"lastBranch":2,"lastFunction":1,"lastStatement":3,"seen":{"s:7:6:35:Infinity":0,"f:38:9:38:16":0,"b:42:12:42:17":0,"s:48:15:48:Infinity":1,"b:48:25:48:32:48:32:48:Infinity":1,"s:50:2:54:Infinity":2},"fnNames":{}}}
,"C:\\Users\\PanNeton\\Desktop\\REACT\\react-ts-heroes-app-fin-seccion-13\\src\\components\\ui\\card.tsx": {"path":"C:\\Users\\PanNeton\\Desktop\\REACT\\react-ts-heroes-app-fin-seccion-13\\src\\components\\ui\\card.tsx","statementMap":{"0":{"start":{"line":6,"column":2},"end":{"line":13,"column":null}},"1":{"start":{"line":19,"column":2},"end":{"line":26,"column":null}},"2":{"start":{"line":32,"column":2},"end":{"line":36,"column":null}},"3":{"start":{"line":42,"column":2},"end":{"line":46,"column":null}},"4":{"start":{"line":52,"column":2},"end":{"line":59,"column":null}},"5":{"start":{"line":65,"column":2},"end":{"line":69,"column":null}},"6":{"start":{"line":75,"column":2},"end":{"line":79,"column":null}}},"fnMap":{"0":{"name":"Card","decl":{"start":{"line":5,"column":9},"end":{"line":5,"column":14}},"loc":{"start":{"line":5,"column":66},"end":{"line":16,"column":null}},"line":5},"1":{"name":"CardHeader","decl":{"start":{"line":18,"column":9},"end":{"line":18,"column":20}},"loc":{"start":{"line":18,"column":72},"end":{"line":29,"column":null}},"line":18},"2":{"name":"CardTitle","decl":{"start":{"line":31,"column":9},"end":{"line":31,"column":19}},"loc":{"start":{"line":31,"column":71},"end":{"line":39,"column":null}},"line":31},"3":{"name":"CardDescription","decl":{"start":{"line":41,"column":9},"end":{"line":41,"column":25}},"loc":{"start":{"line":41,"column":77},"end":{"line":49,"column":null}},"line":41},"4":{"name":"CardAction","decl":{"start":{"line":51,"column":9},"end":{"line":51,"column":20}},"loc":{"start":{"line":51,"column":72},"end":{"line":62,"column":null}},"line":51},"5":{"name":"CardContent","decl":{"start":{"line":64,"column":9},"end":{"line":64,"column":21}},"loc":{"start":{"line":64,"column":73},"end":{"line":72,"column":null}},"line":64},"6":{"name":"CardFooter","decl":{"start":{"line":74,"column":9},"end":{"line":74,"column":20}},"loc":{"start":{"line":74,"column":72},"end":{"line":82,"column":null}},"line":74}},"branchMap":{},"s":{"0":8,"1":8,"2":8,"3":0,"4":0,"5":8,"6":0},"f":{"0":8,"1":8,"2":8,"3":0,"4":0,"5":8,"6":0},"b":{},"meta":{"lastBranch":0,"lastFunction":7,"lastStatement":7,"seen":{"f:5:9:5:14":0,"s:6:2:13:Infinity":0,"f:18:9:18:20":1,"s:19:2:26:Infinity":1,"f:31:9:31:19":2,"s:32:2:36:Infinity":2,"f:41:9:41:25":3,"s:42:2:46:Infinity":3,"f:51:9:51:20":4,"s:52:2:59:Infinity":4,"f:64:9:64:21":5,"s:65:2:69:Infinity":5,"f:74:9:74:20":6,"s:75:2:79:Infinity":6},"fnNames":{}}}
,"C:\\Users\\PanNeton\\Desktop\\REACT\\react-ts-heroes-app-fin-seccion-13\\src\\components\\ui\\input.tsx": {"path":"C:\\Users\\PanNeton\\Desktop\\REACT\\react-ts-heroes-app-fin-seccion-13\\src\\components\\ui\\input.tsx","statementMap":{"0":{"start":{"line":6,"column":2},"end":{"line":16,"column":null}}},"fnMap":{"0":{"name":"Input","decl":{"start":{"line":5,"column":9},"end":{"line":5,"column":15}},"loc":{"start":{"line":5,"column":75},"end":{"line":19,"column":null}},"line":5}},"branchMap":{},"s":{"0":8},"f":{"0":8},"b":{},"meta":{"lastBranch":0,"lastFunction":1,"lastStatement":1,"seen":{"f:5:9:5:15":0,"s:6:2:16:Infinity":0},"fnNames":{}}}
,"C:\\Users\\PanNeton\\Desktop\\REACT\\react-ts-heroes-app-fin-seccion-13\\src\\components\\ui\\progress.tsx": {"path":"C:\\Users\\PanNeton\\Desktop\\REACT\\react-ts-heroes-app-fin-seccion-13\\src\\components\\ui\\progress.tsx","statementMap":{"0":{"start":{"line":14,"column":2},"end":{"line":26,"column":null}}},"fnMap":{"0":{"name":"Progress","decl":{"start":{"line":6,"column":9},"end":{"line":6,"column":18}},"loc":{"start":{"line":13,"column":1},"end":{"line":30,"column":null}},"line":13}},"branchMap":{"0":{"loc":{"start":{"line":9,"column":2},"end":{"line":9,"column":28}},"type":"default-arg","locations":[{"start":{"line":9,"column":16},"end":{"line":9,"column":28}}],"line":9},"1":{"loc":{"start":{"line":26,"column":50},"end":{"line":26,"column":62}},"type":"binary-expr","locations":[{"start":{"line":26,"column":50},"end":{"line":26,"column":59}},{"start":{"line":26,"column":59},"end":{"line":26,"column":62}}],"line":26}},"s":{"0":0},"f":{"0":0},"b":{"0":[0],"1":[0,0]},"meta":{"lastBranch":2,"lastFunction":1,"lastStatement":1,"seen":{"f:6:9:6:18":0,"b:9:16:9:28":0,"s:14:2:26:Infinity":0,"b:26:50:26:59:26:59:26:62":1},"fnNames":{}}}
,"C:\\Users\\PanNeton\\Desktop\\REACT\\react-ts-heroes-app-fin-seccion-13\\src\\components\\ui\\slider.tsx": {"path":"C:\\Users\\PanNeton\\Desktop\\REACT\\react-ts-heroes-app-fin-seccion-13\\src\\components\\ui\\slider.tsx","statementMap":{"0":{"start":{"line":1,"column":0},"end":{"line":1,"column":null}},"1":{"start":{"line":15,"column":18},"end":{"line":22,"column":null}},"2":{"start":{"line":17,"column":6},"end":{"line":21,"column":null}},"3":{"start":{"line":25,"column":2},"end":{"line":54,"column":null}},"4":{"start":{"line":51,"column":50},"end":{"line":54,"column":null}}},"fnMap":{"0":{"name":"Slider","decl":{"start":{"line":7,"column":9},"end":{"line":7,"column":16}},"loc":{"start":{"line":14,"column":52},"end":{"line":60,"column":null}},"line":14},"1":{"name":"(anonymous_1)","decl":{"start":{"line":16,"column":4},"end":{"line":16,"column":null}},"loc":{"start":{"line":17,"column":6},"end":{"line":21,"column":null}},"line":17},"2":{"name":"(anonymous_2)","decl":{"start":{"line":51,"column":46},"end":{"line":51,"column":47}},"loc":{"start":{"line":51,"column":50},"end":{"line":54,"column":null}},"line":51}},"branchMap":{"0":{"loc":{"start":{"line":11,"column":2},"end":{"line":11,"column":9}},"type":"default-arg","locations":[{"start":{"line":11,"column":8},"end":{"line":11,"column":9}}],"line":11},"1":{"loc":{"start":{"line":12,"column":2},"end":{"line":12,"column":11}},"type":"default-arg","locations":[{"start":{"line":12,"column":8},"end":{"line":12,"column":11}}],"line":12},"2":{"loc":{"start":{"line":17,"column":6},"end":{"line":21,"column":null}},"type":"cond-expr","locations":[{"start":{"line":18,"column":10},"end":{"line":18,"column":null}},{"start":{"line":19,"column":10},"end":{"line":21,"column":null}}],"line":17},"3":{"loc":{"start":{"line":19,"column":10},"end":{"line":21,"column":null}},"type":"cond-expr","locations":[{"start":{"line":20,"column":12},"end":{"line":20,"column":null}},{"start":{"line":21,"column":12},"end":{"line":21,"column":null}}],"line":19}},"s":{"0":1,"1":3,"2":3,"3":3,"4":3},"f":{"0":3,"1":3,"2":3},"b":{"0":[3],"1":[3],"2":[0,3],"3":[3,0]},"meta":{"lastBranch":4,"lastFunction":3,"lastStatement":5,"seen":{"s:1:0:1:Infinity":0,"f:7:9:7:16":0,"b:11:8:11:9":0,"b:12:8:12:11":1,"s:15:18:22:Infinity":1,"f:16:4:16:Infinity":1,"s:17:6:21:Infinity":2,"b:18:10:18:Infinity:19:10:21:Infinity":2,"b:20:12:20:Infinity:21:12:21:Infinity":3,"s:25:2:54:Infinity":3,"f:51:46:51:47":2,"s:51:50:54:Infinity":4},"fnNames":{}}}
,"C:\\Users\\PanNeton\\Desktop\\REACT\\react-ts-heroes-app-fin-seccion-13\\src\\components\\ui\\tabs.tsx": {"path":"C:\\Users\\PanNeton\\Desktop\\REACT\\react-ts-heroes-app-fin-seccion-13\\src\\components\\ui\\tabs.tsx","statementMap":{"0":{"start":{"line":1,"column":0},"end":{"line":1,"column":null}},"1":{"start":{"line":12,"column":2},"end":{"line":16,"column":null}},"2":{"start":{"line":25,"column":2},"end":{"line":32,"column":null}},"3":{"start":{"line":41,"column":2},"end":{"line":48,"column":null}},"4":{"start":{"line":57,"column":2},"end":{"line":61,"column":null}}},"fnMap":{"0":{"name":"Tabs","decl":{"start":{"line":8,"column":9},"end":{"line":8,"column":14}},"loc":{"start":{"line":11,"column":50},"end":{"line":19,"column":null}},"line":11},"1":{"name":"TabsList","decl":{"start":{"line":21,"column":9},"end":{"line":21,"column":18}},"loc":{"start":{"line":24,"column":50},"end":{"line":35,"column":null}},"line":24},"2":{"name":"TabsTrigger","decl":{"start":{"line":37,"column":9},"end":{"line":37,"column":21}},"loc":{"start":{"line":40,"column":53},"end":{"line":51,"column":null}},"line":40},"3":{"name":"TabsContent","decl":{"start":{"line":53,"column":9},"end":{"line":53,"column":21}},"loc":{"start":{"line":56,"column":53},"end":{"line":64,"column":null}},"line":56}},"branchMap":{},"s":{"0":1,"1":5,"2":5,"3":20,"4":20},"f":{"0":5,"1":5,"2":20,"3":20},"b":{},"meta":{"lastBranch":0,"lastFunction":4,"lastStatement":5,"seen":{"s:1:0:1:Infinity":0,"f:8:9:8:14":0,"s:12:2:16:Infinity":1,"f:21:9:21:18":1,"s:25:2:32:Infinity":2,"f:37:9:37:21":2,"s:41:2:48:Infinity":3,"f:53:9:53:21":3,"s:57:2:61:Infinity":4},"fnNames":{}}}
,"C:\\Users\\PanNeton\\Desktop\\REACT\\react-ts-heroes-app-fin-seccion-13\\src\\heroes\\actions\\get-hero.action.ts": {"path":"C:\\Users\\PanNeton\\Desktop\\REACT\\react-ts-heroes-app-fin-seccion-13\\src\\heroes\\actions\\get-hero.action.ts","statementMap":{"0":{"start":{"line":4,"column":17},"end":{"line":4,"column":46}},"1":{"start":{"line":6,"column":29},"end":{"line":15,"column":null}},"2":{"start":{"line":9,"column":21},"end":{"line":9,"column":null}},"3":{"start":{"line":11,"column":4},"end":{"line":14,"column":null}}},"fnMap":{"0":{"name":"(anonymous_0)","decl":{"start":{"line":6,"column":29},"end":{"line":6,"column":null}},"loc":{"start":{"line":7,"column":4},"end":{"line":15,"column":null}},"line":7}},"branchMap":{},"s":{"0":1,"1":1,"2":2,"3":1},"f":{"0":2},"b":{},"meta":{"lastBranch":0,"lastFunction":1,"lastStatement":4,"seen":{"s:4:17:4:46":0,"s:6:29:15:Infinity":1,"f:6:29:6:Infinity":0,"s:9:21:9:Infinity":2,"s:11:4:14:Infinity":3},"fnNames":{}}}
,"C:\\Users\\PanNeton\\Desktop\\REACT\\react-ts-heroes-app-fin-seccion-13\\src\\heroes\\actions\\get-heroes-by-pages.action.ts": {"path":"C:\\Users\\PanNeton\\Desktop\\REACT\\react-ts-heroes-app-fin-seccion-13\\src\\heroes\\actions\\get-heroes-by-pages.action.ts","statementMap":{"0":{"start":{"line":4,"column":17},"end":{"line":4,"column":46}},"1":{"start":{"line":6,"column":38},"end":{"line":37,"column":null}},"2":{"start":{"line":12,"column":4},"end":{"line":14,"column":null}},"3":{"start":{"line":13,"column":8},"end":{"line":13,"column":null}},"4":{"start":{"line":16,"column":4},"end":{"line":18,"column":null}},"5":{"start":{"line":17,"column":8},"end":{"line":17,"column":null}},"6":{"start":{"line":20,"column":21},"end":{"line":26,"column":null}},"7":{"start":{"line":28,"column":19},"end":{"line":31,"column":null}},"8":{"start":{"line":28,"column":46},"end":{"line":31,"column":null}},"9":{"start":{"line":33,"column":4},"end":{"line":36,"column":null}}},"fnMap":{"0":{"name":"(anonymous_0)","decl":{"start":{"line":6,"column":38},"end":{"line":6,"column":null}},"loc":{"start":{"line":9,"column":28},"end":{"line":37,"column":null}},"line":9},"1":{"name":"(anonymous_1)","decl":{"start":{"line":28,"column":35},"end":{"line":28,"column":36}},"loc":{"start":{"line":28,"column":46},"end":{"line":31,"column":null}},"line":28}},"branchMap":{"0":{"loc":{"start":{"line":8,"column":4},"end":{"line":8,"column":21}},"type":"default-arg","locations":[{"start":{"line":8,"column":20},"end":{"line":8,"column":21}}],"line":8},"1":{"loc":{"start":{"line":9,"column":4},"end":{"line":9,"column":28}},"type":"default-arg","locations":[{"start":{"line":9,"column":23},"end":{"line":9,"column":28}}],"line":9},"2":{"loc":{"start":{"line":12,"column":4},"end":{"line":14,"column":null}},"type":"if","locations":[{"start":{"line":12,"column":4},"end":{"line":14,"column":null}},{"start":{},"end":{}}],"line":12},"3":{"loc":{"start":{"line":16,"column":4},"end":{"line":18,"column":null}},"type":"if","locations":[{"start":{"line":16,"column":4},"end":{"line":18,"column":null}},{"start":{},"end":{}}],"line":16}},"s":{"0":1,"1":1,"2":4,"3":1,"4":4,"5":0,"6":4,"7":4,"8":2,"9":4},"f":{"0":4,"1":2},"b":{"0":[4],"1":[4],"2":[1,3],"3":[0,4]},"meta":{"lastBranch":4,"lastFunction":2,"lastStatement":10,"seen":{"s:4:17:4:46":0,"s:6:38:37:Infinity":1,"f:6:38:6:Infinity":0,"b:8:20:8:21":0,"b:9:23:9:28":1,"b:12:4:14:Infinity:undefined:undefined:undefined:undefined":2,"s:12:4:14:Infinity":2,"s:13:8:13:Infinity":3,"b:16:4:18:Infinity:undefined:undefined:undefined:undefined":3,"s:16:4:18:Infinity":4,"s:17:8:17:Infinity":5,"s:20:21:26:Infinity":6,"s:28:19:31:Infinity":7,"f:28:35:28:36":1,"s:28:46:31:Infinity":8,"s:33:4:36:Infinity":9},"fnNames":{}}}
,"C:\\Users\\PanNeton\\Desktop\\REACT\\react-ts-heroes-app-fin-seccion-13\\src\\heroes\\actions\\get-summary.action.ts": {"path":"C:\\Users\\PanNeton\\Desktop\\REACT\\react-ts-heroes-app-fin-seccion-13\\src\\heroes\\actions\\get-summary.action.ts","statementMap":{"0":{"start":{"line":4,"column":32},"end":{"line":9,"column":null}},"1":{"start":{"line":6,"column":21},"end":{"line":6,"column":null}},"2":{"start":{"line":8,"column":4},"end":{"line":8,"column":null}}},"fnMap":{"0":{"name":"(anonymous_0)","decl":{"start":{"line":4,"column":32},"end":{"line":4,"column":null}},"loc":{"start":{"line":4,"column":32},"end":{"line":9,"column":null}},"line":4}},"branchMap":{},"s":{"0":4,"1":3,"2":3},"f":{"0":3},"b":{},"meta":{"lastBranch":0,"lastFunction":1,"lastStatement":3,"seen":{"s:4:32:9:Infinity":0,"f:4:32:4:Infinity":0,"s:6:21:6:Infinity":1,"s:8:4:8:Infinity":2},"fnNames":{}}}
,"C:\\Users\\PanNeton\\Desktop\\REACT\\react-ts-heroes-app-fin-seccion-13\\src\\heroes\\actions\\search-heroes.action.ts": {"path":"C:\\Users\\PanNeton\\Desktop\\REACT\\react-ts-heroes-app-fin-seccion-13\\src\\heroes\\actions\\search-heroes.action.ts","statementMap":{"0":{"start":{"line":13,"column":17},"end":{"line":13,"column":46}},"1":{"start":{"line":15,"column":28},"end":{"line":39,"column":null}},"2":{"start":{"line":17,"column":4},"end":{"line":17,"column":null}},"3":{"start":{"line":17,"column":75},"end":{"line":17,"column":null}},"4":{"start":{"line":19,"column":21},"end":{"line":28,"column":null}},"5":{"start":{"line":30,"column":25},"end":{"line":35,"column":null}},"6":{"start":{"line":32,"column":12},"end":{"line":35,"column":null}},"7":{"start":{"line":38,"column":4},"end":{"line":38,"column":null}}},"fnMap":{"0":{"name":"(anonymous_0)","decl":{"start":{"line":15,"column":28},"end":{"line":15,"column":35}},"loc":{"start":{"line":15,"column":93},"end":{"line":39,"column":null}},"line":15},"1":{"name":"(anonymous_1)","decl":{"start":{"line":30,"column":34},"end":{"line":30,"column":35}},"loc":{"start":{"line":32,"column":12},"end":{"line":35,"column":null}},"line":32}},"branchMap":{"0":{"loc":{"start":{"line":17,"column":4},"end":{"line":17,"column":null}},"type":"if","locations":[{"start":{"line":17,"column":4},"end":{"line":17,"column":null}},{"start":{},"end":{}}],"line":17},"1":{"loc":{"start":{"line":17,"column":8},"end":{"line":17,"column":75}},"type":"binary-expr","locations":[{"start":{"line":17,"column":8},"end":{"line":17,"column":17}},{"start":{"line":17,"column":17},"end":{"line":17,"column":26}},{"start":{"line":17,"column":26},"end":{"line":17,"column":39}},{"start":{"line":17,"column":39},"end":{"line":17,"column":52}},{"start":{"line":17,"column":52},"end":{"line":17,"column":63}},{"start":{"line":17,"column":63},"end":{"line":17,"column":75}}],"line":17}},"s":{"0":1,"1":1,"2":0,"3":0,"4":0,"5":0,"6":0,"7":0},"f":{"0":0,"1":0},"b":{"0":[0,0],"1":[0,0,0,0,0,0]},"meta":{"lastBranch":2,"lastFunction":2,"lastStatement":8,"seen":{"s:13:17:13:46":0,"s:15:28:39:Infinity":1,"f:15:28:15:35":0,"b:17:4:17:Infinity:undefined:undefined:undefined:undefined":0,"s:17:4:17:Infinity":2,"b:17:8:17:17:17:17:17:26:17:26:17:39:17:39:17:52:17:52:17:63:17:63:17:75":1,"s:17:75:17:Infinity":3,"s:19:21:28:Infinity":4,"s:30:25:35:Infinity":5,"f:30:34:30:35":1,"s:32:12:35:Infinity":6,"s:38:4:38:Infinity":7},"fnNames":{}}}
,"C:\\Users\\PanNeton\\Desktop\\REACT\\react-ts-heroes-app-fin-seccion-13\\src\\heroes\\api\\heroesApi.ts": {"path":"C:\\Users\\PanNeton\\Desktop\\REACT\\react-ts-heroes-app-fin-seccion-13\\src\\heroes\\api\\heroesApi.ts","statementMap":{"0":{"start":{"line":3,"column":16},"end":{"line":3,"column":45}},"1":{"start":{"line":5,"column":25},"end":{"line":7,"column":null}}},"fnMap":{},"branchMap":{},"s":{"0":7,"1":7},"f":{},"b":{},"meta":{"lastBranch":0,"lastFunction":0,"lastStatement":2,"seen":{"s:3:16:3:45":0,"s:5:25:7:Infinity":1},"fnNames":{}}}
,"C:\\Users\\PanNeton\\Desktop\\REACT\\react-ts-heroes-app-fin-seccion-13\\src\\heroes\\components\\HeroGrid.tsx": {"path":"C:\\Users\\PanNeton\\Desktop\\REACT\\react-ts-heroes-app-fin-seccion-13\\src\\heroes\\components\\HeroGrid.tsx","statementMap":{"0":{"start":{"line":8,"column":24},"end":{"line":17,"column":null}},"1":{"start":{"line":9,"column":2},"end":{"line":14,"column":null}},"2":{"start":{"line":12,"column":40},"end":{"line":14,"column":12}}},"fnMap":{"0":{"name":"(anonymous_0)","decl":{"start":{"line":8,"column":24},"end":{"line":8,"column":26}},"loc":{"start":{"line":8,"column":48},"end":{"line":17,"column":null}},"line":8},"1":{"name":"(anonymous_1)","decl":{"start":{"line":12,"column":39},"end":{"line":12,"column":40}},"loc":{"start":{"line":12,"column":40},"end":{"line":14,"column":12}},"line":12}},"branchMap":{"0":{"loc":{"start":{"line":8,"column":28},"end":{"line":8,"column":39}},"type":"default-arg","locations":[{"start":{"line":8,"column":37},"end":{"line":8,"column":39}}],"line":8},"1":{"loc":{"start":{"line":12,"column":7},"end":{"line":14,"column":null}},"type":"cond-expr","locations":[{"start":{"line":12,"column":27},"end":{"line":14,"column":12}},{"start":{"line":14,"column":11},"end":{"line":14,"column":null}}],"line":12}},"s":{"0":1,"1":6,"2":0},"f":{"0":6,"1":0},"b":{"0":[6],"1":[0,6]},"meta":{"lastBranch":2,"lastFunction":2,"lastStatement":3,"seen":{"s:8:24:17:Infinity":0,"f:8:24:8:26":0,"b:8:37:8:39":0,"s:9:2:14:Infinity":1,"b:12:27:14:12:14:11:14:Infinity":1,"f:12:39:12:40":1,"s:12:40:14:12":2},"fnNames":{}}}
,"C:\\Users\\PanNeton\\Desktop\\REACT\\react-ts-heroes-app-fin-seccion-13\\src\\heroes\\components\\HeroGridCard.tsx": {"path":"C:\\Users\\PanNeton\\Desktop\\REACT\\react-ts-heroes-app-fin-seccion-13\\src\\heroes\\components\\HeroGridCard.tsx","statementMap":{"0":{"start":{"line":17,"column":28},"end":{"line":150,"column":null}},"1":{"start":{"line":18,"column":39},"end":{"line":18,"column":null}},"2":{"start":{"line":20,"column":8},"end":{"line":20,"column":null}},"3":{"start":{"line":22,"column":22},"end":{"line":24,"column":null}},"4":{"start":{"line":23,"column":4},"end":{"line":23,"column":null}},"5":{"start":{"line":26,"column":2},"end":{"line":145,"column":null}},"6":{"start":{"line":33,"column":27},"end":{"line":33,"column":null}},"7":{"start":{"line":57,"column":27},"end":{"line":57,"column":null}},"8":{"start":{"line":128,"column":39},"end":{"line":129,"column":null}}},"fnMap":{"0":{"name":"(anonymous_0)","decl":{"start":{"line":17,"column":28},"end":{"line":17,"column":29}},"loc":{"start":{"line":17,"column":42},"end":{"line":150,"column":null}},"line":17},"1":{"name":"(anonymous_1)","decl":{"start":{"line":22,"column":22},"end":{"line":22,"column":23}},"loc":{"start":{"line":22,"column":23},"end":{"line":24,"column":null}},"line":22},"2":{"name":"(anonymous_2)","decl":{"start":{"line":33,"column":21},"end":{"line":33,"column":27}},"loc":{"start":{"line":33,"column":27},"end":{"line":33,"column":null}},"line":33},"3":{"name":"(anonymous_3)","decl":{"start":{"line":57,"column":21},"end":{"line":57,"column":27}},"loc":{"start":{"line":57,"column":27},"end":{"line":57,"column":null}},"line":57},"4":{"name":"(anonymous_4)","decl":{"start":{"line":128,"column":31},"end":{"line":128,"column":32}},"loc":{"start":{"line":128,"column":39},"end":{"line":129,"column":null}},"line":128}},"branchMap":{"0":{"loc":{"start":{"line":38,"column":32},"end":{"line":38,"column":90}},"type":"cond-expr","locations":[{"start":{"line":38,"column":59},"end":{"line":38,"column":75}},{"start":{"line":38,"column":75},"end":{"line":38,"column":90}}],"line":38},"1":{"loc":{"start":{"line":48,"column":73},"end":{"line":48,"column":127}},"type":"cond-expr","locations":[{"start":{"line":48,"column":98},"end":{"line":48,"column":113}},{"start":{"line":48,"column":113},"end":{"line":48,"column":127}}],"line":48},"2":{"loc":{"start":{"line":59,"column":41},"end":{"line":59,"column":null}},"type":"cond-expr","locations":[{"start":{"line":59,"column":60},"end":{"line":59,"column":90}},{"start":{"line":59,"column":90},"end":{"line":59,"column":null}}],"line":59},"3":{"loc":{"start":{"line":130,"column":19},"end":{"line":131,"column":null}},"type":"binary-expr","locations":[{"start":{"line":130,"column":19},"end":{"line":130,"column":33}},{"start":{"line":130,"column":27},"end":{"line":131,"column":null}}],"line":130},"4":{"loc":{"start":{"line":136,"column":15},"end":{"line":138,"column":null}},"type":"binary-expr","locations":[{"start":{"line":136,"column":15},"end":{"line":136,"column":null}},{"start":{"line":136,"column":36},"end":{"line":138,"column":null}}],"line":136}},"s":{"0":1,"1":0,"2":0,"3":0,"4":0,"5":0,"6":0,"7":0,"8":0},"f":{"0":0,"1":0,"2":0,"3":0,"4":0},"b":{"0":[0,0],"1":[0,0],"2":[0,0],"3":[0,0],"4":[0,0]},"meta":{"lastBranch":5,"lastFunction":5,"lastStatement":9,"seen":{"s:17:28:150:Infinity":0,"f:17:28:17:29":0,"s:18:39:18:Infinity":1,"s:20:8:20:Infinity":2,"s:22:22:24:Infinity":3,"f:22:22:22:23":1,"s:23:4:23:Infinity":4,"s:26:2:145:Infinity":5,"f:33:21:33:27":2,"s:33:27:33:Infinity":6,"b:38:59:38:75:38:75:38:90":0,"b:48:98:48:113:48:113:48:127":1,"f:57:21:57:27":3,"s:57:27:57:Infinity":7,"b:59:60:59:90:59:90:59:Infinity":2,"f:128:31:128:32":4,"s:128:39:129:Infinity":8,"b:130:19:130:33:130:27:131:Infinity":3,"b:136:15:136:Infinity:136:36:138:Infinity":4},"fnNames":{}}}
,"C:\\Users\\PanNeton\\Desktop\\REACT\\react-ts-heroes-app-fin-seccion-13\\src\\heroes\\components\\HeroStatCard.tsx": {"path":"C:\\Users\\PanNeton\\Desktop\\REACT\\react-ts-heroes-app-fin-seccion-13\\src\\heroes\\components\\HeroStatCard.tsx","statementMap":{"0":{"start":{"line":9,"column":28},"end":{"line":19,"column":null}},"1":{"start":{"line":10,"column":2},"end":{"line":16,"column":null}}},"fnMap":{"0":{"name":"(anonymous_0)","decl":{"start":{"line":9,"column":28},"end":{"line":9,"column":29}},"loc":{"start":{"line":9,"column":61},"end":{"line":19,"column":null}},"line":9}},"branchMap":{},"s":{"0":3,"1":8},"f":{"0":8},"b":{},"meta":{"lastBranch":0,"lastFunction":1,"lastStatement":2,"seen":{"s:9:28:19:Infinity":0,"f:9:28:9:29":0,"s:10:2:16:Infinity":1},"fnNames":{}}}
,"C:\\Users\\PanNeton\\Desktop\\REACT\\react-ts-heroes-app-fin-seccion-13\\src\\heroes\\components\\HeroStats.tsx": {"path":"C:\\Users\\PanNeton\\Desktop\\REACT\\react-ts-heroes-app-fin-seccion-13\\src\\heroes\\components\\HeroStats.tsx","statementMap":{"0":{"start":{"line":9,"column":25},"end":{"line":61,"column":null}},"1":{"start":{"line":10,"column":24},"end":{"line":10,"column":null}},"2":{"start":{"line":12,"column":28},"end":{"line":12,"column":null}},"3":{"start":{"line":14,"column":2},"end":{"line":15,"column":null}},"4":{"start":{"line":14,"column":20},"end":{"line":15,"column":null}},"5":{"start":{"line":18,"column":2},"end":{"line":57,"column":null}}},"fnMap":{"0":{"name":"(anonymous_0)","decl":{"start":{"line":9,"column":25},"end":{"line":9,"column":null}},"loc":{"start":{"line":9,"column":25},"end":{"line":61,"column":null}},"line":9}},"branchMap":{"0":{"loc":{"start":{"line":14,"column":2},"end":{"line":15,"column":null}},"type":"if","locations":[{"start":{"line":14,"column":2},"end":{"line":15,"column":null}},{"start":{},"end":{}}],"line":14},"1":{"loc":{"start":{"line":41,"column":116},"end":{"line":41,"column":144}},"type":"binary-expr","locations":[{"start":{"line":41,"column":116},"end":{"line":41,"column":139}},{"start":{"line":41,"column":143},"end":{"line":41,"column":144}}],"line":41}},"s":{"0":3,"1":15,"2":15,"3":15,"4":13,"5":2},"f":{"0":15},"b":{"0":[13,2],"1":[2,0]},"meta":{"lastBranch":2,"lastFunction":1,"lastStatement":6,"seen":{"s:9:25:61:Infinity":0,"f:9:25:9:Infinity":0,"s:10:24:10:Infinity":1,"s:12:28:12:Infinity":2,"b:14:2:15:Infinity:undefined:undefined:undefined:undefined":0,"s:14:2:15:Infinity":3,"s:14:20:15:Infinity":4,"s:18:2:57:Infinity":5,"b:41:116:41:139:41:143:41:144":1},"fnNames":{}}}
,"C:\\Users\\PanNeton\\Desktop\\REACT\\react-ts-heroes-app-fin-seccion-13\\src\\heroes\\context\\FavoriteHeroesContext.tsx": {"path":"C:\\Users\\PanNeton\\Desktop\\REACT\\react-ts-heroes-app-fin-seccion-13\\src\\heroes\\context\\FavoriteHeroesContext.tsx","statementMap":{"0":{"start":{"line":13,"column":37},"end":{"line":16,"column":null}},"1":{"start":{"line":14,"column":22},"end":{"line":14,"column":null}},"2":{"start":{"line":15,"column":4},"end":{"line":15,"column":null}},"3":{"start":{"line":19,"column":13},"end":{"line":19,"column":null}},"4":{"start":{"line":21,"column":38},"end":{"line":57,"column":null}},"5":{"start":{"line":22,"column":35},"end":{"line":22,"column":null}},"6":{"start":{"line":24,"column":28},"end":{"line":33,"column":null}},"7":{"start":{"line":25,"column":23},"end":{"line":25,"column":null}},"8":{"start":{"line":25,"column":45},"end":{"line":25,"column":61}},"9":{"start":{"line":26,"column":8},"end":{"line":30,"column":null}},"10":{"start":{"line":27,"column":33},"end":{"line":27,"column":null}},"11":{"start":{"line":27,"column":57},"end":{"line":27,"column":73}},"12":{"start":{"line":28,"column":12},"end":{"line":28,"column":null}},"13":{"start":{"line":29,"column":12},"end":{"line":29,"column":null}},"14":{"start":{"line":32,"column":8},"end":{"line":32,"column":null}},"15":{"start":{"line":35,"column":23},"end":{"line":37,"column":null}},"16":{"start":{"line":36,"column":8},"end":{"line":36,"column":null}},"17":{"start":{"line":36,"column":37},"end":{"line":36,"column":53}},"18":{"start":{"line":39,"column":4},"end":{"line":41,"column":null}},"19":{"start":{"line":40,"column":6},"end":{"line":40,"column":null}},"20":{"start":{"line":44,"column":4},"end":{"line":54,"column":null}}},"fnMap":{"0":{"name":"(anonymous_0)","decl":{"start":{"line":13,"column":37},"end":{"line":13,"column":null}},"loc":{"start":{"line":13,"column":37},"end":{"line":16,"column":null}},"line":13},"1":{"name":"(anonymous_1)","decl":{"start":{"line":21,"column":38},"end":{"line":21,"column":40}},"loc":{"start":{"line":21,"column":71},"end":{"line":57,"column":null}},"line":21},"2":{"name":"(anonymous_2)","decl":{"start":{"line":24,"column":28},"end":{"line":24,"column":29}},"loc":{"start":{"line":24,"column":29},"end":{"line":33,"column":null}},"line":24},"3":{"name":"(anonymous_3)","decl":{"start":{"line":25,"column":38},"end":{"line":25,"column":39}},"loc":{"start":{"line":25,"column":45},"end":{"line":25,"column":61}},"line":25},"4":{"name":"(anonymous_4)","decl":{"start":{"line":27,"column":50},"end":{"line":27,"column":51}},"loc":{"start":{"line":27,"column":57},"end":{"line":27,"column":73}},"line":27},"5":{"name":"(anonymous_5)","decl":{"start":{"line":35,"column":23},"end":{"line":35,"column":24}},"loc":{"start":{"line":35,"column":24},"end":{"line":37,"column":null}},"line":35},"6":{"name":"(anonymous_6)","decl":{"start":{"line":36,"column":30},"end":{"line":36,"column":31}},"loc":{"start":{"line":36,"column":37},"end":{"line":36,"column":53}},"line":36},"7":{"name":"(anonymous_7)","decl":{"start":{"line":39,"column":14},"end":{"line":39,"column":null}},"loc":{"start":{"line":39,"column":14},"end":{"line":41,"column":7}},"line":39}},"branchMap":{"0":{"loc":{"start":{"line":15,"column":11},"end":{"line":15,"column":49}},"type":"cond-expr","locations":[{"start":{"line":15,"column":23},"end":{"line":15,"column":47}},{"start":{"line":15,"column":47},"end":{"line":15,"column":49}}],"line":15},"1":{"loc":{"start":{"line":26,"column":8},"end":{"line":30,"column":null}},"type":"if","locations":[{"start":{"line":26,"column":8},"end":{"line":30,"column":null}},{"start":{},"end":{}}],"line":26}},"s":{"0":5,"1":17,"2":17,"3":5,"4":5,"5":17,"6":17,"7":4,"8":2,"9":4,"10":2,"11":2,"12":2,"13":2,"14":2,"15":17,"16":10,"17":4,"18":17,"19":17,"20":17},"f":{"0":17,"1":17,"2":4,"3":2,"4":2,"5":10,"6":4,"7":17},"b":{"0":[10,7],"1":[2,2]},"meta":{"lastBranch":2,"lastFunction":8,"lastStatement":21,"seen":{"s:13:37:16:Infinity":0,"f:13:37:13:Infinity":0,"s:14:22:14:Infinity":1,"s:15:4:15:Infinity":2,"b:15:23:15:47:15:47:15:49":0,"s:19:13:19:Infinity":3,"s:21:38:57:Infinity":4,"f:21:38:21:40":1,"s:22:35:22:Infinity":5,"s:24:28:33:Infinity":6,"f:24:28:24:29":2,"s:25:23:25:Infinity":7,"f:25:38:25:39":3,"s:25:45:25:61":8,"b:26:8:30:Infinity:undefined:undefined:undefined:undefined":1,"s:26:8:30:Infinity":9,"s:27:33:27:Infinity":10,"f:27:50:27:51":4,"s:27:57:27:73":11,"s:28:12:28:Infinity":12,"s:29:12:29:Infinity":13,"s:32:8:32:Infinity":14,"s:35:23:37:Infinity":15,"f:35:23:35:24":5,"s:36:8:36:Infinity":16,"f:36:30:36:31":6,"s:36:37:36:53":17,"s:39:4:41:Infinity":18,"f:39:14:39:Infinity":7,"s:40:6:40:Infinity":19,"s:44:4:54:Infinity":20},"fnNames":{}}}
,"C:\\Users\\PanNeton\\Desktop\\REACT\\react-ts-heroes-app-fin-seccion-13\\src\\heroes\\hooks\\useHome.tsx": {"path":"C:\\Users\\PanNeton\\Desktop\\REACT\\react-ts-heroes-app-fin-seccion-13\\src\\heroes\\hooks\\useHome.tsx","statementMap":{"0":{"start":{"line":4,"column":23},"end":{"line":31,"column":null}},"1":{"start":{"line":5,"column":42},"end":{"line":5,"column":null}},"2":{"start":{"line":8,"column":22},"end":{"line":8,"column":null}},"3":{"start":{"line":9,"column":17},"end":{"line":9,"column":null}},"4":{"start":{"line":10,"column":18},"end":{"line":10,"column":null}},"5":{"start":{"line":11,"column":21},"end":{"line":11,"column":null}},"6":{"start":{"line":13,"column":10},"end":{"line":17,"column":null}},"7":{"start":{"line":14,"column":26},"end":{"line":14,"column":null}},"8":{"start":{"line":16,"column":8},"end":{"line":16,"column":null}},"9":{"start":{"line":19,"column":4},"end":{"line":30,"column":null}}},"fnMap":{"0":{"name":"(anonymous_0)","decl":{"start":{"line":4,"column":23},"end":{"line":4,"column":null}},"loc":{"start":{"line":4,"column":23},"end":{"line":31,"column":null}},"line":4},"1":{"name":"(anonymous_1)","decl":{"start":{"line":13,"column":32},"end":{"line":13,"column":null}},"loc":{"start":{"line":13,"column":32},"end":{"line":17,"column":7}},"line":13}},"branchMap":{"0":{"loc":{"start":{"line":8,"column":22},"end":{"line":8,"column":null}},"type":"binary-expr","locations":[{"start":{"line":8,"column":22},"end":{"line":8,"column":49}},{"start":{"line":8,"column":49},"end":{"line":8,"column":null}}],"line":8},"1":{"loc":{"start":{"line":9,"column":17},"end":{"line":9,"column":null}},"type":"binary-expr","locations":[{"start":{"line":9,"column":17},"end":{"line":9,"column":45}},{"start":{"line":9,"column":45},"end":{"line":9,"column":null}}],"line":9},"2":{"loc":{"start":{"line":10,"column":18},"end":{"line":10,"column":null}},"type":"binary-expr","locations":[{"start":{"line":10,"column":18},"end":{"line":10,"column":47}},{"start":{"line":10,"column":47},"end":{"line":10,"column":null}}],"line":10},"3":{"loc":{"start":{"line":11,"column":21},"end":{"line":11,"column":null}},"type":"binary-expr","locations":[{"start":{"line":11,"column":21},"end":{"line":11,"column":53}},{"start":{"line":11,"column":53},"end":{"line":11,"column":null}}],"line":11},"4":{"loc":{"start":{"line":16,"column":15},"end":{"line":16,"column":null}},"type":"cond-expr","locations":[{"start":{"line":16,"column":47},"end":{"line":16,"column":59}},{"start":{"line":16,"column":59},"end":{"line":16,"column":null}}],"line":16}},"s":{"0":1,"1":5,"2":5,"3":5,"4":5,"5":5,"6":5,"7":5,"8":5,"9":5},"f":{"0":5,"1":5},"b":{"0":[5,4],"1":[5,2],"2":[5,2],"3":[5,2],"4":[5,0]},"meta":{"lastBranch":5,"lastFunction":2,"lastStatement":10,"seen":{"s:4:23:31:Infinity":0,"f:4:23:4:Infinity":0,"s:5:42:5:Infinity":1,"s:8:22:8:Infinity":2,"b:8:22:8:49:8:49:8:Infinity":0,"s:9:17:9:Infinity":3,"b:9:17:9:45:9:45:9:Infinity":1,"s:10:18:10:Infinity":4,"b:10:18:10:47:10:47:10:Infinity":2,"s:11:21:11:Infinity":5,"b:11:21:11:53:11:53:11:Infinity":3,"s:13:10:17:Infinity":6,"f:13:32:13:Infinity":1,"s:14:26:14:Infinity":7,"s:16:8:16:Infinity":8,"b:16:47:16:59:16:59:16:Infinity":4,"s:19:4:30:Infinity":9},"fnNames":{}}}
,"C:\\Users\\PanNeton\\Desktop\\REACT\\react-ts-heroes-app-fin-seccion-13\\src\\heroes\\hooks\\usePaginatedHeroes.tsx": {"path":"C:\\Users\\PanNeton\\Desktop\\REACT\\react-ts-heroes-app-fin-seccion-13\\src\\heroes\\hooks\\usePaginatedHeroes.tsx","statementMap":{"0":{"start":{"line":10,"column":34},"end":{"line":16,"column":null}},"1":{"start":{"line":11,"column":2},"end":{"line":15,"column":null}},"2":{"start":{"line":13,"column":15},"end":{"line":13,"column":null}}},"fnMap":{"0":{"name":"(anonymous_0)","decl":{"start":{"line":10,"column":34},"end":{"line":10,"column":35}},"loc":{"start":{"line":10,"column":68},"end":{"line":16,"column":null}},"line":10},"1":{"name":"(anonymous_1)","decl":{"start":{"line":13,"column":15},"end":{"line":13,"column":21}},"loc":{"start":{"line":13,"column":15},"end":{"line":13,"column":null}},"line":13}},"branchMap":{},"s":{"0":1,"1":5,"2":3},"f":{"0":5,"1":3},"b":{},"meta":{"lastBranch":0,"lastFunction":2,"lastStatement":3,"seen":{"s:10:34:16:Infinity":0,"f:10:34:10:35":0,"s:11:2:15:Infinity":1,"f:13:15:13:21":1,"s:13:15:13:Infinity":2},"fnNames":{}}}
,"C:\\Users\\PanNeton\\Desktop\\REACT\\react-ts-heroes-app-fin-seccion-13\\src\\heroes\\hooks\\useSummaryInfo.tsx": {"path":"C:\\Users\\PanNeton\\Desktop\\REACT\\react-ts-heroes-app-fin-seccion-13\\src\\heroes\\hooks\\useSummaryInfo.tsx","statementMap":{"0":{"start":{"line":4,"column":30},"end":{"line":10,"column":null}},"1":{"start":{"line":5,"column":4},"end":{"line":9,"column":null}}},"fnMap":{"0":{"name":"(anonymous_0)","decl":{"start":{"line":4,"column":30},"end":{"line":4,"column":null}},"loc":{"start":{"line":4,"column":30},"end":{"line":10,"column":null}},"line":4}},"branchMap":{},"s":{"0":4,"1":22},"f":{"0":22},"b":{},"meta":{"lastBranch":0,"lastFunction":1,"lastStatement":2,"seen":{"s:4:30:10:Infinity":0,"f:4:30:4:Infinity":0,"s:5:4:9:Infinity":1},"fnNames":{}}}
,"C:\\Users\\PanNeton\\Desktop\\REACT\\react-ts-heroes-app-fin-seccion-13\\src\\heroes\\pages\\home\\HomePage.tsx": {"path":"C:\\Users\\PanNeton\\Desktop\\REACT\\react-ts-heroes-app-fin-seccion-13\\src\\heroes\\pages\\home\\HomePage.tsx","statementMap":{"0":{"start":{"line":14,"column":24},"end":{"line":110,"column":null}},"1":{"start":{"line":15,"column":35},"end":{"line":15,"column":null}},"2":{"start":{"line":17,"column":62},"end":{"line":17,"column":null}},"3":{"start":{"line":19,"column":32},"end":{"line":19,"column":null}},"4":{"start":{"line":21,"column":29},"end":{"line":21,"column":null}},"5":{"start":{"line":24,"column":2},"end":{"line":105,"column":null}},"6":{"start":{"line":43,"column":29},"end":{"line":48,"column":18}},"7":{"start":{"line":44,"column":16},"end":{"line":44,"column":null}},"8":{"start":{"line":45,"column":16},"end":{"line":45,"column":null}},"9":{"start":{"line":46,"column":16},"end":{"line":46,"column":null}},"10":{"start":{"line":47,"column":16},"end":{"line":47,"column":null}},"11":{"start":{"line":54,"column":29},"end":{"line":57,"column":null}},"12":{"start":{"line":55,"column":16},"end":{"line":55,"column":null}},"13":{"start":{"line":56,"column":16},"end":{"line":56,"column":null}},"14":{"start":{"line":63,"column":29},"end":{"line":68,"column":null}},"15":{"start":{"line":64,"column":16},"end":{"line":64,"column":null}},"16":{"start":{"line":65,"column":16},"end":{"line":65,"column":null}},"17":{"start":{"line":66,"column":16},"end":{"line":66,"column":null}},"18":{"start":{"line":67,"column":16},"end":{"line":67,"column":null}},"19":{"start":{"line":74,"column":29},"end":{"line":79,"column":null}},"20":{"start":{"line":75,"column":16},"end":{"line":75,"column":null}},"21":{"start":{"line":76,"column":16},"end":{"line":76,"column":null}},"22":{"start":{"line":77,"column":16},"end":{"line":77,"column":null}},"23":{"start":{"line":78,"column":16},"end":{"line":78,"column":null}}},"fnMap":{"0":{"name":"(anonymous_0)","decl":{"start":{"line":14,"column":24},"end":{"line":14,"column":null}},"loc":{"start":{"line":14,"column":24},"end":{"line":110,"column":null}},"line":14},"1":{"name":"(anonymous_1)","decl":{"start":{"line":43,"column":23},"end":{"line":43,"column":29}},"loc":{"start":{"line":43,"column":29},"end":{"line":48,"column":18}},"line":43},"2":{"name":"(anonymous_2)","decl":{"start":{"line":43,"column":45},"end":{"line":43,"column":46}},"loc":{"start":{"line":43,"column":46},"end":{"line":48,"column":18}},"line":43},"3":{"name":"(anonymous_3)","decl":{"start":{"line":54,"column":23},"end":{"line":54,"column":29}},"loc":{"start":{"line":54,"column":29},"end":{"line":57,"column":null}},"line":54},"4":{"name":"(anonymous_4)","decl":{"start":{"line":54,"column":45},"end":{"line":54,"column":46}},"loc":{"start":{"line":54,"column":46},"end":{"line":57,"column":null}},"line":54},"5":{"name":"(anonymous_5)","decl":{"start":{"line":63,"column":23},"end":{"line":63,"column":29}},"loc":{"start":{"line":63,"column":29},"end":{"line":68,"column":null}},"line":63},"6":{"name":"(anonymous_6)","decl":{"start":{"line":63,"column":45},"end":{"line":63,"column":46}},"loc":{"start":{"line":63,"column":46},"end":{"line":68,"column":null}},"line":63},"7":{"name":"(anonymous_7)","decl":{"start":{"line":74,"column":23},"end":{"line":74,"column":29}},"loc":{"start":{"line":74,"column":29},"end":{"line":79,"column":null}},"line":74},"8":{"name":"(anonymous_8)","decl":{"start":{"line":74,"column":45},"end":{"line":74,"column":46}},"loc":{"start":{"line":74,"column":46},"end":{"line":79,"column":null}},"line":74}},"branchMap":{"0":{"loc":{"start":{"line":104,"column":9},"end":{"line":105,"column":null}},"type":"binary-expr","locations":[{"start":{"line":104,"column":9},"end":{"line":104,"column":null}},{"start":{"line":104,"column":25},"end":{"line":105,"column":null}}],"line":104},"1":{"loc":{"start":{"line":105,"column":40},"end":{"line":105,"column":null}},"type":"binary-expr","locations":[{"start":{"line":105,"column":40},"end":{"line":105,"column":65}},{"start":{"line":105,"column":65},"end":{"line":105,"column":null}}],"line":105}},"s":{"0":1,"1":5,"2":5,"3":5,"4":5,"5":5,"6":0,"7":0,"8":0,"9":0,"10":0,"11":0,"12":0,"13":0,"14":0,"15":0,"16":0,"17":0,"18":0,"19":1,"20":1,"21":1,"22":1,"23":1},"f":{"0":5,"1":0,"2":0,"3":0,"4":0,"5":0,"6":0,"7":1,"8":1},"b":{"0":[5,5],"1":[5,5]},"meta":{"lastBranch":2,"lastFunction":9,"lastStatement":24,"seen":{"s:14:24:110:Infinity":0,"f:14:24:14:Infinity":0,"s:15:35:15:Infinity":1,"s:17:62:17:Infinity":2,"s:19:32:19:Infinity":3,"s:21:29:21:Infinity":4,"s:24:2:105:Infinity":5,"f:43:23:43:29":1,"s:43:29:48:18":6,"f:43:45:43:46":2,"s:44:16:44:Infinity":7,"s:45:16:45:Infinity":8,"s:46:16:46:Infinity":9,"s:47:16:47:Infinity":10,"f:54:23:54:29":3,"s:54:29:57:Infinity":11,"f:54:45:54:46":4,"s:55:16:55:Infinity":12,"s:56:16:56:Infinity":13,"f:63:23:63:29":5,"s:63:29:68:Infinity":14,"f:63:45:63:46":6,"s:64:16:64:Infinity":15,"s:65:16:65:Infinity":16,"s:66:16:66:Infinity":17,"s:67:16:67:Infinity":18,"f:74:23:74:29":7,"s:74:29:79:Infinity":19,"f:74:45:74:46":8,"s:75:16:75:Infinity":20,"s:76:16:76:Infinity":21,"s:77:16:77:Infinity":22,"s:78:16:78:Infinity":23,"b:104:9:104:Infinity:104:25:105:Infinity":0,"b:105:40:105:65:105:65:105:Infinity":1},"fnNames":{}}}
,"C:\\Users\\PanNeton\\Desktop\\REACT\\react-ts-heroes-app-fin-seccion-13\\src\\heroes\\pages\\search\\SearchPage.tsx": {"path":"C:\\Users\\PanNeton\\Desktop\\REACT\\react-ts-heroes-app-fin-seccion-13\\src\\heroes\\pages\\search\\SearchPage.tsx","statementMap":{"0":{"start":{"line":11,"column":26},"end":{"line":50,"column":null}},"1":{"start":{"line":13,"column":22},"end":{"line":13,"column":null}},"2":{"start":{"line":15,"column":15},"end":{"line":15,"column":null}},"3":{"start":{"line":16,"column":19},"end":{"line":16,"column":null}},"4":{"start":{"line":19,"column":30},"end":{"line":23,"column":null}},"5":{"start":{"line":21,"column":13},"end":{"line":21,"column":null}},"6":{"start":{"line":25,"column":2},"end":{"line":47,"column":null}}},"fnMap":{"0":{"name":"(anonymous_0)","decl":{"start":{"line":11,"column":26},"end":{"line":11,"column":null}},"loc":{"start":{"line":11,"column":26},"end":{"line":50,"column":null}},"line":11},"1":{"name":"(anonymous_1)","decl":{"start":{"line":21,"column":13},"end":{"line":21,"column":19}},"loc":{"start":{"line":21,"column":13},"end":{"line":21,"column":null}},"line":21}},"branchMap":{"0":{"loc":{"start":{"line":15,"column":15},"end":{"line":15,"column":null}},"type":"binary-expr","locations":[{"start":{"line":15,"column":15},"end":{"line":15,"column":43}},{"start":{"line":15,"column":43},"end":{"line":15,"column":null}}],"line":15},"1":{"loc":{"start":{"line":16,"column":19},"end":{"line":16,"column":null}},"type":"binary-expr","locations":[{"start":{"line":16,"column":19},"end":{"line":16,"column":49}},{"start":{"line":16,"column":49},"end":{"line":16,"column":null}}],"line":16}},"s":{"0":1,"1":7,"2":7,"3":7,"4":7,"5":6,"6":7},"f":{"0":7,"1":6},"b":{"0":[7,5],"1":[7,5]},"meta":{"lastBranch":2,"lastFunction":2,"lastStatement":7,"seen":{"s:11:26:50:Infinity":0,"f:11:26:11:Infinity":0,"s:13:22:13:Infinity":1,"s:15:15:15:Infinity":2,"b:15:15:15:43:15:43:15:Infinity":0,"s:16:19:16:Infinity":3,"b:16:19:16:49:16:49:16:Infinity":1,"s:19:30:23:Infinity":4,"f:21:13:21:19":1,"s:21:13:21:Infinity":5,"s:25:2:47:Infinity":6},"fnNames":{}}}
,"C:\\Users\\PanNeton\\Desktop\\REACT\\react-ts-heroes-app-fin-seccion-13\\src\\heroes\\pages\\search\\ui\\SearchControls.tsx": {"path":"C:\\Users\\PanNeton\\Desktop\\REACT\\react-ts-heroes-app-fin-seccion-13\\src\\heroes\\pages\\search\\ui\\SearchControls.tsx","statementMap":{"0":{"start":{"line":15,"column":30},"end":{"line":141,"column":null}},"1":{"start":{"line":16,"column":8},"end":{"line":16,"column":null}},"2":{"start":{"line":17,"column":39},"end":{"line":17,"column":null}},"3":{"start":{"line":19,"column":19},"end":{"line":19,"column":null}},"4":{"start":{"line":20,"column":17},"end":{"line":20,"column":null}},"5":{"start":{"line":22,"column":26},"end":{"line":29,"column":null}},"6":{"start":{"line":23,"column":4},"end":{"line":23,"column":null}},"7":{"start":{"line":23,"column":31},"end":{"line":23,"column":null}},"8":{"start":{"line":25,"column":4},"end":{"line":28,"column":null}},"9":{"start":{"line":26,"column":6},"end":{"line":26,"column":null}},"10":{"start":{"line":27,"column":6},"end":{"line":27,"column":null}},"11":{"start":{"line":31,"column":30},"end":{"line":45,"column":null}},"12":{"start":{"line":32,"column":4},"end":{"line":38,"column":null}},"13":{"start":{"line":33,"column":6},"end":{"line":36,"column":null}},"14":{"start":{"line":34,"column":8},"end":{"line":34,"column":null}},"15":{"start":{"line":35,"column":8},"end":{"line":35,"column":null}},"16":{"start":{"line":37,"column":6},"end":{"line":37,"column":null}},"17":{"start":{"line":40,"column":4},"end":{"line":43,"column":null}},"18":{"start":{"line":41,"column":8},"end":{"line":41,"column":null}},"19":{"start":{"line":42,"column":8},"end":{"line":42,"column":null}},"20":{"start":{"line":47,"column":2},"end":{"line":130,"column":null}},"21":{"start":{"line":65,"column":27},"end":{"line":65,"column":null}},"22":{"start":{"line":127,"column":45},"end":{"line":130,"column":20}},"23":{"start":{"line":128,"column":20},"end":{"line":128,"column":null}},"24":{"start":{"line":129,"column":20},"end":{"line":129,"column":null}}},"fnMap":{"0":{"name":"(anonymous_0)","decl":{"start":{"line":15,"column":30},"end":{"line":15,"column":null}},"loc":{"start":{"line":15,"column":30},"end":{"line":141,"column":null}},"line":15},"1":{"name":"(anonymous_1)","decl":{"start":{"line":22,"column":26},"end":{"line":22,"column":27}},"loc":{"start":{"line":22,"column":27},"end":{"line":29,"column":null}},"line":22},"2":{"name":"(anonymous_2)","decl":{"start":{"line":25,"column":20},"end":{"line":25,"column":21}},"loc":{"start":{"line":25,"column":21},"end":{"line":28,"column":null}},"line":25},"3":{"name":"(anonymous_3)","decl":{"start":{"line":31,"column":30},"end":{"line":31,"column":null}},"loc":{"start":{"line":31,"column":30},"end":{"line":45,"column":null}},"line":31},"4":{"name":"(anonymous_4)","decl":{"start":{"line":33,"column":22},"end":{"line":33,"column":null}},"loc":{"start":{"line":33,"column":22},"end":{"line":36,"column":null}},"line":33},"5":{"name":"(anonymous_5)","decl":{"start":{"line":40,"column":20},"end":{"line":40,"column":null}},"loc":{"start":{"line":40,"column":20},"end":{"line":43,"column":null}},"line":40},"6":{"name":"(anonymous_6)","decl":{"start":{"line":65,"column":21},"end":{"line":65,"column":27}},"loc":{"start":{"line":65,"column":27},"end":{"line":65,"column":null}},"line":65},"7":{"name":"(anonymous_7)","decl":{"start":{"line":127,"column":33},"end":{"line":127,"column":34}},"loc":{"start":{"line":127,"column":34},"end":{"line":130,"column":null}},"line":127},"8":{"name":"(anonymous_8)","decl":{"start":{"line":127,"column":61},"end":{"line":127,"column":null}},"loc":{"start":{"line":127,"column":61},"end":{"line":130,"column":20}},"line":127}},"branchMap":{"0":{"loc":{"start":{"line":19,"column":19},"end":{"line":19,"column":null}},"type":"binary-expr","locations":[{"start":{"line":19,"column":19},"end":{"line":19,"column":49}},{"start":{"line":19,"column":49},"end":{"line":19,"column":null}}],"line":19},"1":{"loc":{"start":{"line":20,"column":17},"end":{"line":20,"column":null}},"type":"binary-expr","locations":[{"start":{"line":20,"column":17},"end":{"line":20,"column":47}},{"start":{"line":20,"column":47},"end":{"line":20,"column":null}}],"line":20},"2":{"loc":{"start":{"line":23,"column":4},"end":{"line":23,"column":null}},"type":"if","locations":[{"start":{"line":23,"column":4},"end":{"line":23,"column":null}},{"start":{},"end":{}}],"line":23},"3":{"loc":{"start":{"line":26,"column":23},"end":{"line":26,"column":null}},"type":"binary-expr","locations":[{"start":{"line":26,"column":23},"end":{"line":26,"column":50}},{"start":{"line":26,"column":50},"end":{"line":26,"column":null}}],"line":26},"4":{"loc":{"start":{"line":32,"column":4},"end":{"line":38,"column":null}},"type":"if","locations":[{"start":{"line":32,"column":4},"end":{"line":38,"column":null}},{"start":{},"end":{}}],"line":32},"5":{"loc":{"start":{"line":58,"column":26},"end":{"line":58,"column":null}},"type":"binary-expr","locations":[{"start":{"line":58,"column":26},"end":{"line":58,"column":54}},{"start":{"line":58,"column":54},"end":{"line":58,"column":null}}],"line":58},"6":{"loc":{"start":{"line":64,"column":27},"end":{"line":64,"column":72}},"type":"cond-expr","locations":[{"start":{"line":64,"column":49},"end":{"line":64,"column":61}},{"start":{"line":64,"column":61},"end":{"line":64,"column":72}}],"line":64}},"s":{"0":1,"1":8,"2":8,"3":8,"4":8,"5":8,"6":1,"7":0,"8":1,"9":1,"10":1,"11":8,"12":0,"13":0,"14":0,"15":0,"16":0,"17":0,"18":0,"19":0,"20":8,"21":0,"22":1,"23":1,"24":1},"f":{"0":8,"1":1,"2":1,"3":0,"4":0,"5":0,"6":0,"7":1,"8":1},"b":{"0":[8,5],"1":[8,7],"2":[0,1],"3":[1,0],"4":[0,0],"5":[8,5],"6":[3,5]},"meta":{"lastBranch":7,"lastFunction":9,"lastStatement":25,"seen":{"s:15:30:141:Infinity":0,"f:15:30:15:Infinity":0,"s:16:8:16:Infinity":1,"s:17:39:17:Infinity":2,"s:19:19:19:Infinity":3,"b:19:19:19:49:19:49:19:Infinity":0,"s:20:17:20:Infinity":4,"b:20:17:20:47:20:47:20:Infinity":1,"s:22:26:29:Infinity":5,"f:22:26:22:27":1,"b:23:4:23:Infinity:undefined:undefined:undefined:undefined":2,"s:23:4:23:Infinity":6,"s:23:31:23:Infinity":7,"s:25:4:28:Infinity":8,"f:25:20:25:21":2,"s:26:6:26:Infinity":9,"b:26:23:26:50:26:50:26:Infinity":3,"s:27:6:27:Infinity":10,"s:31:30:45:Infinity":11,"f:31:30:31:Infinity":3,"b:32:4:38:Infinity:undefined:undefined:undefined:undefined":4,"s:32:4:38:Infinity":12,"s:33:6:36:Infinity":13,"f:33:22:33:Infinity":4,"s:34:8:34:Infinity":14,"s:35:8:35:Infinity":15,"s:37:6:37:Infinity":16,"s:40:4:43:Infinity":17,"f:40:20:40:Infinity":5,"s:41:8:41:Infinity":18,"s:42:8:42:Infinity":19,"s:47:2:130:Infinity":20,"b:58:26:58:54:58:54:58:Infinity":5,"b:64:49:64:61:64:61:64:72":6,"f:65:21:65:27":6,"s:65:27:65:Infinity":21,"f:127:33:127:34":7,"s:127:45:130:20":22,"f:127:61:127:Infinity":8,"s:128:20:128:Infinity":23,"s:129:20:129:Infinity":24},"fnNames":{}}}
,"C:\\Users\\PanNeton\\Desktop\\REACT\\react-ts-heroes-app-fin-seccion-13\\src\\lib\\utils.ts": {"path":"C:\\Users\\PanNeton\\Desktop\\REACT\\react-ts-heroes-app-fin-seccion-13\\src\\lib\\utils.ts","statementMap":{"0":{"start":{"line":5,"column":2},"end":{"line":5,"column":null}}},"fnMap":{"0":{"name":"cn","decl":{"start":{"line":4,"column":16},"end":{"line":4,"column":19}},"loc":{"start":{"line":4,"column":42},"end":{"line":6,"column":null}},"line":4}},"branchMap":{},"s":{"0":216},"f":{"0":216},"b":{},"meta":{"lastBranch":0,"lastFunction":1,"lastStatement":1,"seen":{"f:4:16:4:19":0,"s:5:2:5:Infinity":0},"fnNames":{}}}
,"C:\\Users\\PanNeton\\Desktop\\REACT\\react-ts-heroes-app-fin-seccion-13\\src\\router\\app.router.tsx": {"path":"C:\\Users\\PanNeton\\Desktop\\REACT\\react-ts-heroes-app-fin-seccion-13\\src\\router\\app.router.tsx","statementMap":{"0":{"start":{"line":12,"column":6},"end":{"line":12,"column":null}},"1":{"start":{"line":12,"column":30},"end":{"line":12,"column":null}},"2":{"start":{"line":14,"column":13},"end":{"line":48,"column":null}}},"fnMap":{"0":{"name":"(anonymous_0)","decl":{"start":{"line":12,"column":24},"end":{"line":12,"column":30}},"loc":{"start":{"line":12,"column":30},"end":{"line":12,"column":null}},"line":12}},"branchMap":{},"s":{"0":1,"1":1,"2":1},"f":{"0":1},"b":{},"meta":{"lastBranch":0,"lastFunction":1,"lastStatement":3,"seen":{"s:12:6:12:Infinity":0,"f:12:24:12:30":0,"s:12:30:12:Infinity":1,"s:14:13:48:Infinity":2},"fnNames":{}}}
}
